2017-01-10 17:38 +08:00: [0;36mMongoose:[0m users.ensureIndex({ account: [33m1[39m }, { unique: [33mtrue[39m, background: [33mtrue[39m })
2017-01-10 17:42 +08:00: [0;36mMongoose:[0m users.findOne({ _id: ObjectId("5847632a52843513e48e3565") }, { fields: [90mundefined[39m })
2017-01-10 17:42 +08:00: [0;36mMongoose:[0m sensitives.find({}, { fields: [90mundefined[39m })
2017-01-10 17:42 +08:00: [0;36mMongoose:[0m users.findOne({ _id: ObjectId("5847632a52843513e48e3565") }, { fields: [90mundefined[39m })
2017-01-10 17:42 +08:00: [0;36mMongoose:[0m sensitives.find({}, { fields: [90mundefined[39m })
2017-01-10 17:54 +08:00: [0;36mMongoose:[0m users.findOne({ _id: ObjectId("5847632a52843513e48e3565") }, { fields: [90mundefined[39m })
2017-01-10 17:54 +08:00: [0;36mMongoose:[0m sensitives.find({}, { fields: [90mundefined[39m })
2017-01-10 17:54 +08:00: [0;36mMongoose:[0m users.findOne({ _id: ObjectId("5847632a52843513e48e3565") }, { fields: [90mundefined[39m })
2017-01-10 17:54 +08:00: [0;36mMongoose:[0m sensitives.find({}, { fields: [90mundefined[39m })
2017-01-10 17:54 +08:00: [0;36mMongoose:[0m users.findOne({ _id: ObjectId("5847632a52843513e48e3565") }, { fields: [90mundefined[39m })
2017-01-10 17:54 +08:00: [0;36mMongoose:[0m sensitives.find({}, { fields: [90mundefined[39m })
2017-01-10 17:54 +08:00: [0;36mMongoose:[0m users.findOne({ _id: ObjectId("5847632a52843513e48e3565") }, { fields: [90mundefined[39m })
2017-01-10 17:54 +08:00: [0;36mMongoose:[0m sensitives.find({}, { fields: [90mundefined[39m })
2017-01-10 17:54 +08:00: [0;36mMongoose:[0m users.findOne({ _id: ObjectId("5847632a52843513e48e3565") }, { fields: [90mundefined[39m })
2017-01-10 17:54 +08:00: [0;36mMongoose:[0m sensitives.find({}, { fields: [90mundefined[39m })
2017-01-10 17:55 +08:00: [0;36mMongoose:[0m users.findOne({ _id: ObjectId("5847632a52843513e48e3565") }, { fields: [90mundefined[39m })
2017-01-10 17:55 +08:00: [0;36mMongoose:[0m sensitives.find({}, { fields: [90mundefined[39m })
2017-01-10 17:55 +08:00: [0;36mMongoose:[0m users.findOne({ _id: ObjectId("5847632a52843513e48e3565") }, { fields: [90mundefined[39m })
2017-01-10 17:55 +08:00: [0;36mMongoose:[0m sensitives.find({}, { fields: [90mundefined[39m })
2017-01-10 17:55 +08:00: [0;36mMongoose:[0m users.findOne({ _id: ObjectId("5847632a52843513e48e3565") }, { fields: [90mundefined[39m })
2017-01-10 17:55 +08:00: [0;36mMongoose:[0m sensitives.find({}, { fields: [90mundefined[39m })
2017-01-10 17:55 +08:00: [0;36mMongoose:[0m users.findOne({ _id: ObjectId("5847632a52843513e48e3565") }, { fields: [90mundefined[39m })
2017-01-10 17:55 +08:00: [0;36mMongoose:[0m sensitives.find({}, { fields: [90mundefined[39m })
2017-01-10 17:56 +08:00: [0;36mMongoose:[0m users.ensureIndex({ account: [33m1[39m }, { unique: [33mtrue[39m, background: [33mtrue[39m })
2017-01-10 17:58 +08:00: [0;36mMongoose:[0m users.ensureIndex({ account: [33m1[39m }, { unique: [33mtrue[39m, background: [33mtrue[39m })
2017-01-10 18:00 +08:00: [0;36mMongoose:[0m sensitives.find({}, { fields: [90mundefined[39m })
2017-01-10 18:00 +08:00: [0;36mMongoose:[0m sensitives.find({}, { fields: [90mundefined[39m })
2017-01-10 18:00 +08:00: [0;36mMongoose:[0m sensitives.find({}, { fields: [90mundefined[39m })
2017-01-10 18:00 +08:00: [0;36mMongoose:[0m sensitives.find({}, { fields: [90mundefined[39m })
2017-01-10 18:00 +08:00: [0;36mMongoose:[0m sensitives.find({}, { fields: [90mundefined[39m })
2017-01-10 18:01 +08:00: [0;36mMongoose:[0m sensitives.find({}, { fields: [90mundefined[39m })
2017-01-10 18:01 +08:00: [0;36mMongoose:[0m sensitives.find({}, { fields: [90mundefined[39m })
2017-01-10 18:01 +08:00: [0;36mMongoose:[0m sensitives.find({}, { fields: [90mundefined[39m })
2017-01-10 18:01 +08:00: [0;36mMongoose:[0m sensitives.find({}, { fields: [90mundefined[39m })
2017-01-10 18:01 +08:00: [0;36mMongoose:[0m sensitives.find({}, { fields: [90mundefined[39m })
2017-01-10 18:01 +08:00: [0;36mMongoose:[0m sensitives.find({}, { fields: [90mundefined[39m })
2017-01-10 18:01 +08:00: [0;36mMongoose:[0m sensitives.find({}, { fields: [90mundefined[39m })
2017-01-10 18:01 +08:00: [0;36mMongoose:[0m sensitives.find({}, { fields: [90mundefined[39m })
2017-01-10 18:01 +08:00: [0;36mMongoose:[0m sensitives.find({}, { fields: [90mundefined[39m })
2017-01-10 18:01 +08:00: [0;36mMongoose:[0m sensitives.find({}, { fields: [90mundefined[39m })
2017-01-10 18:01 +08:00: [0;36mMongoose:[0m sensitives.find({}, { fields: [90mundefined[39m })
2017-01-10 18:01 +08:00: [0;36mMongoose:[0m sensitives.find({}, { fields: [90mundefined[39m })
2017-01-10 18:02 +08:00: [0;36mMongoose:[0m sensitives.find({}, { fields: [90mundefined[39m })
2017-01-10 18:02 +08:00: [0;36mMongoose:[0m sensitives.find({}, { fields: [90mundefined[39m })
2017-01-10 18:02 +08:00: [0;36mMongoose:[0m sensitives.find({}, { fields: [90mundefined[39m })
2017-01-10 18:02 +08:00: [0;36mMongoose:[0m sensitives.find({}, { fields: [90mundefined[39m })
2017-01-10 18:02 +08:00: [0;36mMongoose:[0m sensitives.find({}, { fields: [90mundefined[39m })
2017-01-10 18:02 +08:00: [0;36mMongoose:[0m sensitives.find({}, { fields: [90mundefined[39m })
2017-01-10 18:02 +08:00: [0;36mMongoose:[0m sensitives.find({}, { fields: [90mundefined[39m })
2017-01-10 18:02 +08:00: [0;36mMongoose:[0m sensitives.find({}, { fields: [90mundefined[39m })
2017-01-10 18:02 +08:00: [0;36mMongoose:[0m sensitives.find({}, { fields: [90mundefined[39m })
2017-01-10 18:02 +08:00: [0;36mMongoose:[0m sensitives.find({}, { fields: [90mundefined[39m })
2017-01-10 18:02 +08:00: [0;36mMongoose:[0m sensitives.find({}, { fields: [90mundefined[39m })
2017-01-10 18:02 +08:00: [0;36mMongoose:[0m sensitives.find({}, { fields: [90mundefined[39m })
2017-01-10 18:02 +08:00: [0;36mMongoose:[0m users.findOne({ account: [32m'root'[39m }, { fields: [90mundefined[39m })
2017-01-10 18:02 +08:00: [0;36mMongoose:[0m sensitives.find({}, { fields: [90mundefined[39m })
2017-01-10 18:02 +08:00: [0;36mMongoose:[0m users.findOne({ account: [32m'sam'[39m }, { fields: [90mundefined[39m })
2017-01-10 18:02 +08:00: [0;36mMongoose:[0m sensitives.find({}, { fields: [90mundefined[39m })
2017-01-10 18:02 +08:00: [0;36mMongoose:[0m users.findOne({ account: [32m'sam'[39m }, { fields: [90mundefined[39m })
2017-01-10 18:02 +08:00: [0;36mMongoose:[0m sensitives.find({}, { fields: [90mundefined[39m })
2017-01-10 18:02 +08:00: [0;36mMongoose:[0m users.findOne({ account: [32m'sam'[39m }, { fields: [90mundefined[39m })
2017-01-10 18:02 +08:00: [0;36mMongoose:[0m users.update({ account: [32m'sam'[39m }, { [32m'$set'[39m: { lastLoginTime: [33m1484042560887[39m } }, {})
2017-01-10 18:02 +08:00: [0;36mMongoose:[0m users.findOne({ _id: ObjectId("5847632a52843513e48e3565") }, { fields: [90mundefined[39m })
2017-01-10 18:02 +08:00: [0;36mMongoose:[0m sensitives.find({}, { fields: [90mundefined[39m })
2017-01-10 18:02 +08:00: [0;36mMongoose:[0m users.findOne({ _id: ObjectId("5847632a52843513e48e3565") }, { fields: [90mundefined[39m })
2017-01-10 18:02 +08:00: [0;36mMongoose:[0m sensitives.find({}, { fields: [90mundefined[39m })
2017-01-10 18:02 +08:00: [0;36mMongoose:[0m users.findOne({ _id: ObjectId("5847632a52843513e48e3565") }, { fields: [90mundefined[39m })
2017-01-10 18:02 +08:00: [0;36mMongoose:[0m sensitives.find({}, { fields: [90mundefined[39m })
2017-01-10 18:02 +08:00: [0;36mMongoose:[0m users.findOne({ _id: ObjectId("5847632a52843513e48e3565") }, { fields: [90mundefined[39m })
2017-01-10 18:02 +08:00: [0;36mMongoose:[0m sensitives.find({}, { fields: [90mundefined[39m })
2017-01-10 18:02 +08:00: [0;36mMongoose:[0m users.findOne({ _id: ObjectId("5847632a52843513e48e3565") }, { fields: [90mundefined[39m })
2017-01-10 18:02 +08:00: [0;36mMongoose:[0m sensitives.find({}, { fields: [90mundefined[39m })
2017-01-10 18:02 +08:00: [0;36mMongoose:[0m users.findOne({ _id: ObjectId("5847632a52843513e48e3565") }, { fields: [90mundefined[39m })
2017-01-10 18:02 +08:00: [0;36mMongoose:[0m sensitives.find({}, { fields: [90mundefined[39m })
2017-01-10 18:02 +08:00: [0;36mMongoose:[0m users.findOne({ _id: ObjectId("5847632a52843513e48e3565") }, { fields: [90mundefined[39m })
2017-01-10 18:02 +08:00: [0;36mMongoose:[0m sensitives.find({}, { fields: [90mundefined[39m })
2017-01-10 18:02 +08:00: [0;36mMongoose:[0m users.findOne({ _id: ObjectId("5847632a52843513e48e3565") }, { fields: [90mundefined[39m })
2017-01-10 18:02 +08:00: [0;36mMongoose:[0m sensitives.find({}, { fields: [90mundefined[39m })
2017-01-10 18:02 +08:00: [0;36mMongoose:[0m users.findOne({ _id: ObjectId("5847632a52843513e48e3565") }, { fields: [90mundefined[39m })
2017-01-10 18:02 +08:00: [0;36mMongoose:[0m sensitives.find({}, { fields: [90mundefined[39m })
[0;36mMongoose:[0m articles.find({}, { sort: { isHot: [33m-1[39m, deliverTime: [33m-1[39m }, skip: [33m0[39m, limit: [33m4[39m, fields: [90mundefined[39m })
2017-01-10 18:02 +08:00: [0;36mMongoose:[0m articles.count({}, {})
2017-01-10 18:02 +08:00: [0;36mMongoose:[0m users.findOne({ _id: ObjectId("5847632a52843513e48e3565") }, { fields: [90mundefined[39m })
2017-01-10 18:02 +08:00: [0;36mMongoose:[0m sensitives.find({}, { fields: [90mundefined[39m })
2017-01-10 18:02 +08:00: [0;36mMongoose:[0m users.findOne({ _id: ObjectId("5847632a52843513e48e3565") }, { fields: [90mundefined[39m })
2017-01-10 18:02 +08:00: [0;36mMongoose:[0m sensitives.find({}, { fields: [90mundefined[39m })
2017-01-10 18:02 +08:00: [0;36mMongoose:[0m users.findOne({ _id: ObjectId("5847632a52843513e48e3565") }, { fields: [90mundefined[39m })
2017-01-10 18:02 +08:00: [0;36mMongoose:[0m sensitives.find({}, { fields: [90mundefined[39m })
2017-01-10 18:02 +08:00: [0;36mMongoose:[0m users.findOne({ _id: ObjectId("5847632a52843513e48e3565") }, { fields: [90mundefined[39m })
2017-01-10 18:02 +08:00: [0;36mMongoose:[0m sensitives.find({}, { fields: [90mundefined[39m })
2017-01-10 18:02 +08:00: [0;36mMongoose:[0m users.findOne({ _id: ObjectId("5847632a52843513e48e3565") }, { fields: [90mundefined[39m })
2017-01-10 18:02 +08:00: [0;36mMongoose:[0m sensitives.find({}, { fields: [90mundefined[39m })
2017-01-10 18:02 +08:00: [0;36mMongoose:[0m users.findOne({ _id: ObjectId("5847632a52843513e48e3565") }, { fields: [90mundefined[39m })
2017-01-10 18:02 +08:00: [0;36mMongoose:[0m sensitives.find({}, { fields: [90mundefined[39m })
2017-01-10 18:02 +08:00: [0;36mMongoose:[0m users.findOne({ _id: ObjectId("5847632a52843513e48e3565") }, { fields: [90mundefined[39m })
2017-01-10 18:02 +08:00: [0;36mMongoose:[0m sensitives.find({}, { fields: [90mundefined[39m })
2017-01-10 18:02 +08:00: [0;36mMongoose:[0m users.findOne({ _id: ObjectId("5847632a52843513e48e3565") }, { fields: [90mundefined[39m })
2017-01-10 18:02 +08:00: [0;36mMongoose:[0m sensitives.find({}, { fields: [90mundefined[39m })
2017-01-10 18:02 +08:00: [0;36mMongoose:[0m users.findOne({ _id: ObjectId("5847632a52843513e48e3565") }, { fields: [90mundefined[39m })
2017-01-10 18:02 +08:00: [0;36mMongoose:[0m sensitives.find({}, { fields: [90mundefined[39m })
2017-01-10 18:02 +08:00: [0;36mMongoose:[0m users.findOne({ _id: ObjectId("5847632a52843513e48e3565") }, { fields: [90mundefined[39m })
2017-01-10 18:02 +08:00: [0;36mMongoose:[0m sensitives.find({}, { fields: [90mundefined[39m })
2017-01-10 18:02 +08:00: [0;36mMongoose:[0m articles.find({}, { sort: { isHot: [33m-1[39m, deliverTime: [33m-1[39m }, skip: [33m0[39m, limit: [33m4[39m, fields: [90mundefined[39m })
2017-01-10 18:02 +08:00: [0;36mMongoose:[0m articles.count({}, {})
2017-01-10 18:02 +08:00: [0;36mMongoose:[0m users.findOne({ _id: ObjectId("5847632a52843513e48e3565") }, { fields: [90mundefined[39m })
2017-01-10 18:02 +08:00: [0;36mMongoose:[0m sensitives.find({}, { fields: [90mundefined[39m })
2017-01-10 18:02 +08:00: [0;36mMongoose:[0m users.findOne({ _id: ObjectId("5847632a52843513e48e3565") }, { fields: [90mundefined[39m })
2017-01-10 18:02 +08:00: [0;36mMongoose:[0m sensitives.find({}, { fields: [90mundefined[39m })
2017-01-10 18:02 +08:00: [0;36mMongoose:[0m users.findOne({ _id: ObjectId("5847632a52843513e48e3565") }, { fields: [90mundefined[39m })
2017-01-10 18:02 +08:00: [0;36mMongoose:[0m sensitives.find({}, { fields: [90mundefined[39m })
2017-01-10 18:02 +08:00: [0;36mMongoose:[0m users.findOne({ _id: ObjectId("5847632a52843513e48e3565") }, { fields: [90mundefined[39m })
2017-01-10 18:02 +08:00: [0;36mMongoose:[0m sensitives.find({}, { fields: [90mundefined[39m })
2017-01-10 18:03 +08:00: [0;36mMongoose:[0m users.findOne({ _id: ObjectId("5847632a52843513e48e3565") }, { fields: [90mundefined[39m })
2017-01-10 18:03 +08:00: [0;36mMongoose:[0m sensitives.find({}, { fields: [90mundefined[39m })
2017-01-10 18:03 +08:00: [0;36mMongoose:[0m users.findOne({ _id: ObjectId("5847632a52843513e48e3565") }, { fields: [90mundefined[39m })
2017-01-10 18:03 +08:00: [0;36mMongoose:[0m sensitives.find({}, { fields: [90mundefined[39m })
2017-01-10 18:03 +08:00: [0;36mMongoose:[0m users.findOne({ _id: ObjectId("5847632a52843513e48e3565") }, { fields: [90mundefined[39m })
2017-01-10 18:03 +08:00: [0;36mMongoose:[0m sensitives.find({}, { fields: [90mundefined[39m })
2017-01-10 18:03 +08:00: [0;36mMongoose:[0m users.findOne({ _id: ObjectId("5847632a52843513e48e3565") }, { fields: [90mundefined[39m })
2017-01-10 18:03 +08:00: [0;36mMongoose:[0m sensitives.find({}, { fields: [90mundefined[39m })
2017-01-10 18:03 +08:00: [0;36mMongoose:[0m users.findOne({ _id: ObjectId("5847632a52843513e48e3565") }, { fields: [90mundefined[39m })
2017-01-10 18:03 +08:00: [0;36mMongoose:[0m sensitives.find({}, { fields: [90mundefined[39m })
2017-01-10 18:03 +08:00: [0;36mMongoose:[0m users.findOne({ _id: ObjectId("5847632a52843513e48e3565") }, { fields: [90mundefined[39m })
2017-01-10 18:03 +08:00: [0;36mMongoose:[0m sensitives.find({}, { fields: [90mundefined[39m })
2017-01-10 18:03 +08:00: [0;36mMongoose:[0m users.findOne({ _id: ObjectId("5847632a52843513e48e3565") }, { fields: [90mundefined[39m })
2017-01-10 18:03 +08:00: [0;36mMongoose:[0m sensitives.find({}, { fields: [90mundefined[39m })
2017-01-10 18:03 +08:00: [0;36mMongoose:[0m users.findOne({ _id: ObjectId("5847632a52843513e48e3565") }, { fields: [90mundefined[39m })
2017-01-10 18:03 +08:00: [0;36mMongoose:[0m sensitives.find({}, { fields: [90mundefined[39m })
2017-01-10 18:03 +08:00: [0;36mMongoose:[0m users.findOne({ _id: ObjectId("5847632a52843513e48e3565") }, { fields: [90mundefined[39m })
2017-01-10 18:03 +08:00: [0;36mMongoose:[0m sensitives.find({}, { fields: [90mundefined[39m })
2017-01-10 18:03 +08:00: [0;36mMongoose:[0m articles.find({}, { sort: { isHot: [33m-1[39m, deliverTime: [33m-1[39m }, skip: [33m0[39m, limit: [33m4[39m, fields: [90mundefined[39m })
2017-01-10 18:03 +08:00: [0;36mMongoose:[0m articles.count({}, {})
2017-01-10 18:03 +08:00: [0;36mMongoose:[0m users.findOne({ _id: ObjectId("5847632a52843513e48e3565") }, { fields: [90mundefined[39m })
2017-01-10 18:03 +08:00: [0;36mMongoose:[0m sensitives.find({}, { fields: [90mundefined[39m })
2017-01-10 18:03 +08:00: [0;36mMongoose:[0m users.findOne({ _id: ObjectId("5847632a52843513e48e3565") }, { fields: [90mundefined[39m })
2017-01-10 18:03 +08:00: [0;36mMongoose:[0m sensitives.find({}, { fields: [90mundefined[39m })
2017-01-10 18:03 +08:00: [0;36mMongoose:[0m users.findOne({ _id: ObjectId("5847632a52843513e48e3565") }, { fields: [90mundefined[39m })
[0;36mMongoose:[0m sensitives.find({}, { fields: [90mundefined[39m })
2017-01-10 18:03 +08:00: [0;36mMongoose:[0m users.findOne({ _id: ObjectId("5847632a52843513e48e3565") }, { fields: [90mundefined[39m })
2017-01-10 18:03 +08:00: [0;36mMongoose:[0m sensitives.find({}, { fields: [90mundefined[39m })
2017-01-10 18:03 +08:00: [0;36mMongoose:[0m users.findOne({ _id: ObjectId("5847632a52843513e48e3565") }, { fields: [90mundefined[39m })
2017-01-10 18:03 +08:00: [0;36mMongoose:[0m sensitives.find({}, { fields: [90mundefined[39m })
2017-01-10 18:03 +08:00: [0;36mMongoose:[0m users.findOne({ _id: ObjectId("5847632a52843513e48e3565") }, { fields: [90mundefined[39m })
2017-01-10 18:03 +08:00: [0;36mMongoose:[0m sensitives.find({}, { fields: [90mundefined[39m })
2017-01-10 18:03 +08:00: [0;36mMongoose:[0m users.findOne({ _id: ObjectId("5847632a52843513e48e3565") }, { fields: [90mundefined[39m })
2017-01-10 18:03 +08:00: [0;36mMongoose:[0m sensitives.find({}, { fields: [90mundefined[39m })
2017-01-10 18:03 +08:00: [0;36mMongoose:[0m users.findOne({ _id: ObjectId("5847632a52843513e48e3565") }, { fields: [90mundefined[39m })
2017-01-10 18:03 +08:00: [0;36mMongoose:[0m sensitives.find({}, { fields: [90mundefined[39m })
2017-01-10 18:03 +08:00: [0;36mMongoose:[0m users.findOne({ _id: ObjectId("5847632a52843513e48e3565") }, { fields: [90mundefined[39m })
2017-01-10 18:03 +08:00: [0;36mMongoose:[0m sensitives.find({}, { fields: [90mundefined[39m })
2017-01-10 18:03 +08:00: [0;36mMongoose:[0m users.findOne({ _id: ObjectId("5847632a52843513e48e3565") }, { fields: [90mundefined[39m })
2017-01-10 18:03 +08:00: [0;36mMongoose:[0m sensitives.find({}, { fields: [90mundefined[39m })
2017-01-10 18:03 +08:00: [0;36mMongoose:[0m users.findOne({ _id: ObjectId("5847632a52843513e48e3565") }, { fields: [90mundefined[39m })
2017-01-10 18:03 +08:00: [0;36mMongoose:[0m sensitives.find({}, { fields: [90mundefined[39m })
2017-01-10 18:03 +08:00: [0;36mMongoose:[0m articles.find({}, { sort: { isHot: [33m-1[39m, deliverTime: [33m-1[39m }, skip: [33m0[39m, limit: [33m4[39m, fields: [90mundefined[39m })
2017-01-10 18:03 +08:00: [0;36mMongoose:[0m articles.count({}, {})
2017-01-10 18:03 +08:00: [0;36mMongoose:[0m users.findOne({ _id: ObjectId("5847632a52843513e48e3565") }, { fields: [90mundefined[39m })
2017-01-10 18:03 +08:00: [0;36mMongoose:[0m sensitives.find({}, { fields: [90mundefined[39m })
2017-01-10 18:03 +08:00: [0;36mMongoose:[0m users.findOne({ _id: ObjectId("5847632a52843513e48e3565") }, { fields: [90mundefined[39m })
2017-01-10 18:03 +08:00: [0;36mMongoose:[0m sensitives.find({}, { fields: [90mundefined[39m })
2017-01-10 18:03 +08:00: [0;36mMongoose:[0m users.findOne({ _id: ObjectId("5847632a52843513e48e3565") }, { fields: [90mundefined[39m })
2017-01-10 18:03 +08:00: [0;36mMongoose:[0m sensitives.find({}, { fields: [90mundefined[39m })
2017-01-10 18:03 +08:00: [0;36mMongoose:[0m users.findOne({ _id: ObjectId("5847632a52843513e48e3565") }, { fields: [90mundefined[39m })
2017-01-10 18:03 +08:00: [0;36mMongoose:[0m sensitives.find({}, { fields: [90mundefined[39m })
2017-01-10 18:03 +08:00: [0;36mMongoose:[0m articles.find({}, { sort: { isHot: [33m-1[39m, deliverTime: [33m-1[39m }, skip: [33m0[39m, limit: [33m4[39m, fields: [90mundefined[39m })
2017-01-10 18:03 +08:00: [0;36mMongoose:[0m articles.count({}, {})
2017-01-10 18:11 +08:00: [0;36mMongoose:[0m users.findOne({ _id: ObjectId("5847632a52843513e48e3565") }, { fields: [90mundefined[39m })
2017-01-10 18:11 +08:00: [0;36mMongoose:[0m sensitives.find({}, { fields: [90mundefined[39m })
2017-01-10 18:11 +08:00: [0;36mMongoose:[0m users.findOne({ _id: ObjectId("5847632a52843513e48e3565") }, { fields: [90mundefined[39m })
2017-01-10 18:11 +08:00: [0;36mMongoose:[0m sensitives.find({}, { fields: [90mundefined[39m })
2017-01-10 18:11 +08:00: [0;36mMongoose:[0m users.findOne({ _id: ObjectId("5847632a52843513e48e3565") }, { fields: [90mundefined[39m })
2017-01-10 18:11 +08:00: [0;36mMongoose:[0m sensitives.find({}, { fields: [90mundefined[39m })
2017-01-10 18:12 +08:00: Warning: connect-redis reported a client error: Error: Redis connection to 10.28.5.197:6379 failed - read ECONNRESET
2017-01-10 18:12 +08:00: Warning: connect-redis reported a client error: Error: Redis connection to 10.28.5.197:6379 failed - connect ECONNREFUSED 10.28.5.197:6379
2017-01-10 18:12 +08:00: Warning: connect-redis reported a client error: Error: Redis connection to 10.28.5.197:6379 failed - connect ECONNREFUSED 10.28.5.197:6379
2017-01-10 18:12 +08:00: Warning: connect-redis reported a client error: Error: Redis connection to 10.28.5.197:6379 failed - connect ECONNREFUSED 10.28.5.197:6379
2017-01-10 18:12 +08:00: Warning: connect-redis reported a client error: Error: Redis connection to 10.28.5.197:6379 failed - connect ECONNREFUSED 10.28.5.197:6379
2017-01-10 18:12 +08:00: Warning: connect-redis reported a client error: Error: Redis connection to 10.28.5.197:6379 failed - connect ECONNREFUSED 10.28.5.197:6379
2017-01-10 18:12 +08:00: Warning: connect-redis reported a client error: Error: Redis connection to 10.28.5.197:6379 failed - connect ECONNREFUSED 10.28.5.197:6379
2017-01-10 18:12 +08:00: Warning: connect-redis reported a client error: Error: Redis connection to 10.28.5.197:6379 failed - connect ECONNREFUSED 10.28.5.197:6379
2017-01-10 18:12 +08:00: Warning: connect-redis reported a client error: Error: Redis connection to 10.28.5.197:6379 failed - connect ECONNREFUSED 10.28.5.197:6379
2017-01-10 18:13 +08:00: Warning: connect-redis reported a client error: Error: Redis connection to 10.28.5.197:6379 failed - connect ECONNREFUSED 10.28.5.197:6379
