2017-01-10 18:16 +08:00: web runing on:port 80
2017-01-10 18:16 +08:00: localhost
2017-01-10 18:16 +08:00: 数据库连接成功
2017-01-10 18:17 +08:00: [0mGET / [36m304 [0m58.414 ms - -[0m
2017-01-10 18:17 +08:00: [0mGET /public/css/animate.css [36m304 [0m89.119 ms - -[0m
2017-01-10 18:17 +08:00: [0mGET /public/css/icomoon.css [36m304 [0m11.608 ms - -[0m
2017-01-10 18:17 +08:00: [0mGET /public/css/simple-line-icons.css [36m304 [0m11.166 ms - -[0m
[0mGET /public/css/bootstrap.css [36m304 [0m10.970 ms - -[0m
[0mGET /public/libs/jquery-pager/Pager.css [36m304 [0m10.850 ms - -[0m
2017-01-10 18:17 +08:00: [0mGET /public/css/style.css [36m304 [0m11.843 ms - -[0m
2017-01-10 18:17 +08:00: [0mGET /public/css/admin.css [36m304 [0m7.626 ms - -[0m
2017-01-10 18:17 +08:00: [0mGET /public/css/article.css [36m304 [0m7.300 ms - -[0m
[0mGET /public/libs/font-awesome/css/font-awesome.css [36m304 [0m6.965 ms - -[0m
[0mGET /public/libs/ueditor/themes/default/css/ueditor.css [36m304 [0m6.477 ms - -[0m
2017-01-10 18:17 +08:00: [0mGET /public/libs/upload/css/jquery.Jcrop.css [36m304 [0m3.903 ms - -[0m
2017-01-10 18:17 +08:00: [0mGET /public/css/mall.css [36m304 [0m3.550 ms - -[0m
2017-01-10 18:17 +08:00: [0mGET /public/libs/ueditor/third-party/syntaxhighlighter/shCoreDefault.css [36m304 [0m9.373 ms - -[0m
2017-01-10 18:17 +08:00: [0mGET /public/libs/ueditor/third-party/syntaxhighlighter/shCore.js [36m304 [0m8.897 ms - -[0m
[0mGET /public/js/modernizr-2.6.2.min.js [36m304 [0m8.629 ms - -[0m
2017-01-10 18:17 +08:00: [0mGET /public/js/jquery.min.js [36m304 [0m10.819 ms - -[0m
2017-01-10 18:17 +08:00: [0mGET /public/js/jquery.easing.1.3.js [36m304 [0m10.426 ms - -[0m
2017-01-10 18:17 +08:00: [0mGET /api/user/getCurrentUser [36m304 [0m16.863 ms - -[0m
2017-01-10 18:17 +08:00: [0mGET /public/js/bootstrap.min.js [36m304 [0m5.947 ms - -[0m
2017-01-10 18:17 +08:00: [0mGET /public/libs/bootstrap-confirm/confirm-bootstrap.js [36m304 [0m5.988 ms - -[0m
2017-01-10 18:17 +08:00: [0mGET /public/libs/jquery-pager/jquery.pager.js [36m304 [0m6.333 ms - -[0m
2017-01-10 18:17 +08:00: [0mGET /public/libs/art-template/arttemplate.js [36m304 [0m5.948 ms - -[0m
2017-01-10 18:17 +08:00: [0mGET /public/libs/upload/js/jquery.Jcrop.min.js [36m304 [0m7.503 ms - -[0m
[0mGET /public/js/jquery.waypoints.min.js [36m304 [0m7.595 ms - -[0m
[0mGET /public/js/main.js [36m304 [0m9.399 ms - -[0m
2017-01-10 18:17 +08:00: [0mGET /public/js/article_front.js [36m304 [0m8.169 ms - -[0m
2017-01-10 18:17 +08:00: [0mGET /public/images/logo2.png [36m304 [0m2.190 ms - -[0m
2017-01-10 18:17 +08:00: [0mGET /public/images/new1.jpg [36m304 [0m2.293 ms - -[0m
2017-01-10 18:17 +08:00: [0mGET /public/images/news-logo1.png [36m304 [0m2.203 ms - -[0m
2017-01-10 18:17 +08:00: [0mGET /public/images/news-logo2.png [36m304 [0m4.826 ms - -[0m
[0mGET /public/images/new2.jpg [36m304 [0m4.227 ms - -[0m
2017-01-10 18:17 +08:00: [0mGET /public/images/new3.jpg [36m304 [0m5.223 ms - -[0m
2017-01-10 18:17 +08:00: [0mGET /public/images/news-logo3.png [36m304 [0m3.160 ms - -[0m
2017-01-10 18:17 +08:00: [0mGET /public/images/banner.jpg [36m304 [0m12.967 ms - -[0m
2017-01-10 18:17 +08:00: [0mGET /public/images/image_6.jpg [36m304 [0m12.091 ms - -[0m
[0mGET /public/images/image_2.jpg [36m304 [0m10.913 ms - -[0m
2017-01-10 18:17 +08:00: [0mGET /public/images/image_3.jpg [36m304 [0m9.363 ms - -[0m
2017-01-10 18:17 +08:00: [0mGET /public/images/image_8.jpg [36m304 [0m7.790 ms - -[0m
[0mGET /public/fonts/simple-line-icons/Simple-Line-Icons.ttf?v=2.2.2 [36m304 [0m4.694 ms - -[0m
2017-01-10 18:17 +08:00: [0mGET /public/fonts/icomoon/icomoon.ttf?srf3rx [36m304 [0m1.750 ms - -[0m
2017-01-10 18:17 +08:00: [0mGET /article [36m304 [0m35.860 ms - -[0m
2017-01-10 18:17 +08:00: [0mGET /public/css/animate.css [36m304 [0m12.091 ms - -[0m
2017-01-10 18:17 +08:00: [0mGET /public/css/icomoon.css [36m304 [0m11.419 ms - -[0m
[0mGET /public/css/simple-line-icons.css [36m304 [0m10.492 ms - -[0m
[0mGET /public/css/bootstrap.css [36m304 [0m9.764 ms - -[0m
2017-01-10 18:17 +08:00: [0mGET /public/libs/jquery-pager/Pager.css [36m304 [0m10.150 ms - -[0m
2017-01-10 18:17 +08:00: [0mGET /public/css/style.css [36m304 [0m7.733 ms - -[0m
2017-01-10 18:17 +08:00: [0mGET /public/css/admin.css [36m304 [0m8.589 ms - -[0m
[0mGET /public/libs/font-awesome/css/font-awesome.css [36m304 [0m8.346 ms - -[0m
2017-01-10 18:17 +08:00: [0mGET /public/libs/upload/css/jquery.Jcrop.css [36m304 [0m8.738 ms - -[0m
[0mGET /public/css/mall.css [36m304 [0m7.800 ms - -[0m
2017-01-10 18:17 +08:00: [0mGET /public/css/article.css [36m304 [0m14.961 ms - -[0m
2017-01-10 18:17 +08:00: [0mGET /public/libs/ueditor/themes/default/css/ueditor.css [36m304 [0m14.568 ms - -[0m
[0mGET /public/libs/ueditor/third-party/syntaxhighlighter/shCoreDefault.css [36m304 [0m9.883 ms - -[0m
[0mGET /public/libs/ueditor/third-party/syntaxhighlighter/shCore.js [36m304 [0m7.636 ms - -[0m
2017-01-10 18:17 +08:00: [0mGET /public/js/modernizr-2.6.2.min.js [36m304 [0m7.692 ms - -[0m
2017-01-10 18:17 +08:00: [0mGET /api/user/getCurrentUser [36m304 [0m11.088 ms - -[0m
2017-01-10 18:17 +08:00: [0mGET /public/js/jquery.min.js [36m304 [0m8.010 ms - -[0m
2017-01-10 18:17 +08:00: [0mGET /public/js/jquery.easing.1.3.js [36m304 [0m6.933 ms - -[0m
[0mGET /public/js/bootstrap.min.js [36m304 [0m6.033 ms - -[0m
2017-01-10 18:17 +08:00: [0mGET /public/libs/bootstrap-confirm/confirm-bootstrap.js [36m304 [0m11.639 ms - -[0m
2017-01-10 18:17 +08:00: [0mGET /public/libs/jquery-pager/jquery.pager.js [36m304 [0m11.351 ms - -[0m
2017-01-10 18:17 +08:00: [0mGET /public/libs/art-template/arttemplate.js [36m304 [0m18.714 ms - -[0m
2017-01-10 18:17 +08:00: [0mGET /public/libs/upload/js/jquery.Jcrop.min.js [36m304 [0m14.865 ms - -[0m
[0mGET /public/js/article_back.js [36m304 [0m12.874 ms - -[0m
2017-01-10 18:17 +08:00: [0mGET /public/js/jquery.waypoints.min.js [36m304 [0m11.812 ms - -[0m
2017-01-10 18:17 +08:00: [0mGET /public/js/main.js [36m304 [0m4.474 ms - -[0m
2017-01-10 18:17 +08:00: [0mGET /public/js/article_front.js [36m304 [0m4.137 ms - -[0m
2017-01-10 18:17 +08:00: [0mGET /public/images/logo2.png [36m304 [0m1.665 ms - -[0m
2017-01-10 18:17 +08:00: [0mGET /public/fonts/simple-line-icons/Simple-Line-Icons.ttf?v=2.2.2 [36m304 [0m2.743 ms - -[0m
2017-01-10 18:17 +08:00: [0mGET /public/fonts/icomoon/icomoon.ttf?srf3rx [36m304 [0m2.404 ms - -[0m
2017-01-10 18:17 +08:00: [0mGET /api/article/getArticleList?pageIndex=1&pageSize=4 [36m304 [0m47.931 ms - -[0m
2017-01-10 18:17 +08:00: [0mGET /public/ueditor/picture/290fc4273335a3e095da0f329d564031.png [36m304 [0m4.666 ms - -[0m
2017-01-10 18:17 +08:00: [0mGET /public/ueditor/picture/9e44a3f91c590273f243640a2b1b8ed1.png [36m304 [0m5.195 ms - -[0m
2017-01-10 18:17 +08:00: [0mGET /public/ueditor/picture/ad24b067a0890fb2e4de6f5da3c7e28e.png [36m304 [0m5.662 ms - -[0m
2017-01-10 18:17 +08:00: [0mGET /public/ueditor/picture/0fc71eae359dea34966b7c1535cb95d6.png [36m304 [0m6.197 ms - -[0m
2017-01-10 18:17 +08:00: [0mGET /api/article/getArticleDetail?id=5873432dabd4501b64e12c3a [32m200 [0m19.029 ms - 2943[0m
2017-01-10 18:17 +08:00: [0mGET /article/articleDetail/5873432dabd4501b64e12c3a [32m200 [0m85.156 ms - 9878[0m
2017-01-10 18:17 +08:00: [0mGET /public/css/animate.css [36m304 [0m15.304 ms - -[0m
2017-01-10 18:17 +08:00: [0mGET /public/css/icomoon.css [36m304 [0m9.501 ms - -[0m
[0mGET /public/css/simple-line-icons.css [36m304 [0m6.771 ms - -[0m
[0mGET /public/css/bootstrap.css [36m304 [0m6.234 ms - -[0m
2017-01-10 18:17 +08:00: [0mGET /public/libs/jquery-pager/Pager.css [36m304 [0m6.398 ms - -[0m
2017-01-10 18:17 +08:00: [0mGET /public/css/style.css [36m304 [0m7.300 ms - -[0m
2017-01-10 18:17 +08:00: [0mGET /public/css/admin.css [36m304 [0m4.663 ms - -[0m
[0mGET /public/libs/font-awesome/css/font-awesome.css [36m304 [0m4.419 ms - -[0m
2017-01-10 18:17 +08:00: [0mGET /public/libs/upload/css/jquery.Jcrop.css [36m304 [0m7.763 ms - -[0m
[0mGET /public/css/mall.css [36m304 [0m7.345 ms - -[0m
2017-01-10 18:17 +08:00: [0mGET /public/css/article.css [36m304 [0m12.089 ms - -[0m
[0mGET /public/libs/ueditor/themes/default/css/ueditor.css [36m304 [0m11.929 ms - -[0m
[0mGET /public/libs/ueditor/third-party/syntaxhighlighter/shCoreDefault.css [36m304 [0m11.018 ms - -[0m
[0mGET /public/libs/ueditor/third-party/syntaxhighlighter/shCore.js [36m304 [0m8.775 ms - -[0m
2017-01-10 18:17 +08:00: [0mGET /public/js/modernizr-2.6.2.min.js [36m304 [0m9.949 ms - -[0m
2017-01-10 18:17 +08:00: [0mGET /public/js/jquery.min.js [36m304 [0m12.649 ms - -[0m
2017-01-10 18:17 +08:00: [0mGET /public/js/jquery.easing.1.3.js [36m304 [0m11.647 ms - -[0m
[0mGET /public/js/bootstrap.min.js [36m304 [0m11.003 ms - -[0m
2017-01-10 18:17 +08:00: [0mGET /public/libs/bootstrap-confirm/confirm-bootstrap.js [36m304 [0m10.460 ms - -[0m
2017-01-10 18:17 +08:00: [0mGET /public/libs/jquery-pager/jquery.pager.js [36m304 [0m7.654 ms - -[0m
2017-01-10 18:17 +08:00: [0mGET /api/user/getCurrentUser [36m304 [0m21.930 ms - -[0m
2017-01-10 18:17 +08:00: [0mGET /public/libs/art-template/arttemplate.js [36m304 [0m9.936 ms - -[0m
2017-01-10 18:17 +08:00: [0mGET /public/libs/upload/js/jquery.Jcrop.min.js [36m304 [0m9.085 ms - -[0m
[0mGET /public/js/article_back.js [36m304 [0m7.340 ms - -[0m
2017-01-10 18:17 +08:00: [0mGET /public/js/jquery.waypoints.min.js [36m304 [0m7.119 ms - -[0m
2017-01-10 18:17 +08:00: [0mGET /public/js/main.js [36m304 [0m7.853 ms - -[0m
2017-01-10 18:17 +08:00: [0mGET /public/js/article_front.js [36m304 [0m8.269 ms - -[0m
2017-01-10 18:17 +08:00: [0mGET /public/images/logo2.png [36m304 [0m2.661 ms - -[0m
2017-01-10 18:17 +08:00: [0mGET /public/ueditor/picture/818366852861399040.jpg [36m304 [0m1.402 ms - -[0m
2017-01-10 18:17 +08:00: [0mGET /public/fonts/simple-line-icons/Simple-Line-Icons.ttf?v=2.2.2 [36m304 [0m3.604 ms - -[0m
2017-01-10 18:17 +08:00: [0mGET /public/fonts/icomoon/icomoon.ttf?srf3rx [36m304 [0m2.457 ms - -[0m
2017-01-10 18:17 +08:00: [0mGET /article/articleDetail/favicon.ico [33m404 [0m3.745 ms - 9[0m
2017-01-10 18:17 +08:00: Session {
  cookie: 
   { path: '/',
     _expires: Wed Jan 11 2017 18:17:09 GMT+0800 (中国标准时间),
     originalMaxAge: 86400000,
     httpOnly: true } }
2017-01-10 18:17 +08:00: [0mGET /contact [36m304 [0m42.464 ms - -[0m
2017-01-10 18:17 +08:00: [0mGET /public/css/animate.css [36m304 [0m11.260 ms - -[0m
2017-01-10 18:17 +08:00: [0mGET /public/css/icomoon.css [36m304 [0m9.502 ms - -[0m
[0mGET /public/css/simple-line-icons.css [36m304 [0m4.926 ms - -[0m
2017-01-10 18:17 +08:00: [0mGET /public/css/bootstrap.css [36m304 [0m7.123 ms - -[0m
2017-01-10 18:17 +08:00: [0mGET /public/libs/jquery-pager/Pager.css [36m304 [0m6.639 ms - -[0m
[0mGET /public/css/style.css [36m304 [0m5.966 ms - -[0m
[0mGET /public/css/admin.css [36m304 [0m5.408 ms - -[0m
2017-01-10 18:17 +08:00: [0mGET /public/libs/font-awesome/css/font-awesome.css [36m304 [0m5.809 ms - -[0m
2017-01-10 18:17 +08:00: [0mGET /public/libs/upload/css/jquery.Jcrop.css [36m304 [0m5.482 ms - -[0m
2017-01-10 18:17 +08:00: [0mGET /public/css/mall.css [36m304 [0m13.484 ms - -[0m
[0mGET /public/libs/ueditor/third-party/syntaxhighlighter/shCoreDefault.css [36m304 [0m12.315 ms - -[0m
[0mGET /public/libs/ueditor/third-party/syntaxhighlighter/shCore.js [36m304 [0m11.628 ms - -[0m
[0mGET /public/css/article.css [36m304 [0m11.088 ms - -[0m
2017-01-10 18:17 +08:00: [0mGET /public/js/modernizr-2.6.2.min.js [36m304 [0m10.663 ms - -[0m
2017-01-10 18:17 +08:00: [0mGET /public/libs/ueditor/themes/default/css/ueditor.css [36m304 [0m10.828 ms - -[0m
2017-01-10 18:17 +08:00: [0mGET /public/js/jquery.min.js [36m304 [0m36.527 ms - -[0m
2017-01-10 18:17 +08:00: [0mGET /public/js/jquery.easing.1.3.js [36m304 [0m35.199 ms - -[0m
[0mGET /public/js/bootstrap.min.js [36m304 [0m26.971 ms - -[0m
[0mGET /public/libs/bootstrap-confirm/confirm-bootstrap.js [36m304 [0m17.739 ms - -[0m
2017-01-10 18:17 +08:00: [0mGET /public/libs/jquery-pager/jquery.pager.js [36m304 [0m18.012 ms - -[0m
2017-01-10 18:17 +08:00: [0mGET /api/user/getCurrentUser [36m304 [0m56.752 ms - -[0m
2017-01-10 18:17 +08:00: [0mGET /public/libs/art-template/arttemplate.js [36m304 [0m10.261 ms - -[0m
[0mGET /public/libs/upload/js/jquery.Jcrop.min.js [36m304 [0m11.785 ms - -[0m
2017-01-10 18:17 +08:00: [0mGET /public/js/jquery.waypoints.min.js [36m304 [0m10.994 ms - -[0m
[0mGET /public/js/main.js [36m304 [0m10.952 ms - -[0m
[0mGET /public/js/article_front.js [36m304 [0m10.712 ms - -[0m
2017-01-10 18:17 +08:00: [0mGET /public/images/logo2.png [36m304 [0m7.457 ms - -[0m
2017-01-10 18:17 +08:00: [0mGET /public/fonts/simple-line-icons/Simple-Line-Icons.ttf?v=2.2.2 [36m304 [0m1.759 ms - -[0m
2017-01-10 18:17 +08:00: [0mGET /public/fonts/icomoon/icomoon.ttf?srf3rx [36m304 [0m1.614 ms - -[0m
2017-01-10 18:17 +08:00: 2 users online
2017-01-10 18:17 +08:00: [0mGET /about [36m304 [0m33.930 ms - -[0m
2017-01-10 18:17 +08:00: [0mGET /public/css/animate.css [36m304 [0m15.156 ms - -[0m
2017-01-10 18:17 +08:00: [0mGET /public/css/icomoon.css [36m304 [0m19.188 ms - -[0m
[0mGET /public/css/simple-line-icons.css [36m304 [0m13.270 ms - -[0m
[0mGET /public/css/bootstrap.css [36m304 [0m12.544 ms - -[0m
2017-01-10 18:17 +08:00: [0mGET /public/libs/jquery-pager/Pager.css [36m304 [0m11.763 ms - -[0m
[0mGET /public/css/style.css [36m304 [0m11.155 ms - -[0m
2017-01-10 18:17 +08:00: [0mGET /public/css/admin.css [36m304 [0m3.284 ms - -[0m
2017-01-10 18:17 +08:00: [0mGET /public/libs/font-awesome/css/font-awesome.css [36m304 [0m2.127 ms - -[0m
2017-01-10 18:17 +08:00: [0mGET /public/libs/upload/css/jquery.Jcrop.css [36m304 [0m8.368 ms - -[0m
[0mGET /public/css/mall.css [36m304 [0m7.552 ms - -[0m
2017-01-10 18:17 +08:00: [0mGET /public/css/article.css [36m304 [0m7.105 ms - -[0m
[0mGET /public/libs/ueditor/themes/default/css/ueditor.css [36m304 [0m5.899 ms - -[0m
[0mGET /public/libs/ueditor/third-party/syntaxhighlighter/shCoreDefault.css [36m304 [0m4.322 ms - -[0m
[0mGET /public/libs/ueditor/third-party/syntaxhighlighter/shCore.js [36m304 [0m3.868 ms - -[0m
2017-01-10 18:17 +08:00: [0mGET /public/js/modernizr-2.6.2.min.js [36m304 [0m3.242 ms - -[0m
2017-01-10 18:17 +08:00: [0mGET /public/js/jquery.min.js [36m304 [0m6.991 ms - -[0m
[0mGET /public/js/jquery.easing.1.3.js [36m304 [0m6.496 ms - -[0m
[0mGET /public/js/bootstrap.min.js [36m304 [0m6.094 ms - -[0m
[0mGET /api/user/getCurrentUser [36m304 [0m11.653 ms - -[0m
2017-01-10 18:17 +08:00: [0mGET /public/libs/bootstrap-confirm/confirm-bootstrap.js [36m304 [0m11.909 ms - -[0m
[0mGET /public/libs/jquery-pager/jquery.pager.js [36m304 [0m10.395 ms - -[0m
2017-01-10 18:17 +08:00: [0mGET /public/libs/art-template/arttemplate.js [36m304 [0m11.874 ms - -[0m
2017-01-10 18:17 +08:00: [0mGET /public/js/jquery.waypoints.min.js [36m304 [0m10.967 ms - -[0m
2017-01-10 18:17 +08:00: [0mGET /public/libs/upload/js/jquery.Jcrop.min.js [36m304 [0m15.052 ms - -[0m
2017-01-10 18:17 +08:00: [0mGET /public/js/main.js [36m304 [0m10.039 ms - -[0m
2017-01-10 18:17 +08:00: [0mGET /public/js/article_front.js [36m304 [0m8.739 ms - -[0m
2017-01-10 18:17 +08:00: [0mGET /public/images/logo2.png [36m304 [0m2.327 ms - -[0m
2017-01-10 18:17 +08:00: [0mGET /public/images/image_about.jpg [36m304 [0m1.549 ms - -[0m
2017-01-10 18:17 +08:00: [0mGET /public/fonts/icomoon/icomoon.ttf?srf3rx [36m304 [0m3.324 ms - -[0m
2017-01-10 18:17 +08:00: [0mGET /public/fonts/simple-line-icons/Simple-Line-Icons.ttf?v=2.2.2 [36m304 [0m2.060 ms - -[0m
2017-01-10 18:17 +08:00: Session {
  cookie: 
   { path: '/',
     _expires: Wed Jan 11 2017 18:17:09 GMT+0800 (中国标准时间),
     originalMaxAge: 86400000,
     httpOnly: true } }
2017-01-10 18:17 +08:00: [0mGET /services [32m200 [0m36.607 ms - 9556[0m
2017-01-10 18:17 +08:00: [0mGET /public/css/animate.css [36m304 [0m4.987 ms - -[0m
2017-01-10 18:17 +08:00: [0mGET /public/css/icomoon.css [36m304 [0m3.607 ms - -[0m
2017-01-10 18:17 +08:00: [0mGET /public/css/simple-line-icons.css [36m304 [0m6.915 ms - -[0m
2017-01-10 18:17 +08:00: [0mGET /public/css/bootstrap.css [36m304 [0m3.989 ms - -[0m
2017-01-10 18:17 +08:00: [0mGET /public/css/style.css [36m304 [0m2.688 ms - -[0m
2017-01-10 18:17 +08:00: [0mGET /public/libs/jquery-pager/Pager.css [36m304 [0m5.632 ms - -[0m
2017-01-10 18:17 +08:00: [0mGET /public/css/admin.css [36m304 [0m9.179 ms - -[0m
[0mGET /public/libs/font-awesome/css/font-awesome.css [36m304 [0m8.149 ms - -[0m
[0mGET /public/libs/upload/css/jquery.Jcrop.css [36m304 [0m7.500 ms - -[0m
[0mGET /public/css/mall.css [36m304 [0m7.046 ms - -[0m
[0mGET /public/css/article.css [36m304 [0m6.281 ms - -[0m
[0mGET /public/libs/ueditor/themes/default/css/ueditor.css [36m304 [0m5.466 ms - -[0m
2017-01-10 18:17 +08:00: [0mGET /public/libs/ueditor/third-party/syntaxhighlighter/shCoreDefault.css [36m304 [0m3.196 ms - -[0m
2017-01-10 18:17 +08:00: [0mGET /public/libs/ueditor/third-party/syntaxhighlighter/shCore.js [36m304 [0m4.083 ms - -[0m
2017-01-10 18:17 +08:00: [0mGET /public/js/modernizr-2.6.2.min.js [36m304 [0m7.674 ms - -[0m
2017-01-10 18:17 +08:00: [0mGET /public/js/jquery.min.js [36m304 [0m9.983 ms - -[0m
2017-01-10 18:17 +08:00: [0mGET /public/js/jquery.easing.1.3.js [36m304 [0m9.057 ms - -[0m
[0mGET /public/js/bootstrap.min.js [36m304 [0m8.773 ms - -[0m
[0mGET /public/libs/bootstrap-confirm/confirm-bootstrap.js [36m304 [0m7.133 ms - -[0m
2017-01-10 18:17 +08:00: [0mGET /public/libs/jquery-pager/jquery.pager.js [36m304 [0m13.381 ms - -[0m
2017-01-10 18:17 +08:00: [0mGET /api/user/getCurrentUser [36m304 [0m20.372 ms - -[0m
2017-01-10 18:17 +08:00: [0mGET /public/libs/art-template/arttemplate.js [36m304 [0m10.978 ms - -[0m
2017-01-10 18:17 +08:00: [0mGET /public/libs/upload/js/jquery.Jcrop.min.js [36m304 [0m5.453 ms - -[0m
2017-01-10 18:17 +08:00: [0mGET /public/js/jquery.waypoints.min.js [36m304 [0m8.541 ms - -[0m
2017-01-10 18:17 +08:00: [0mGET /public/js/main.js [36m304 [0m7.904 ms - -[0m
2017-01-10 18:17 +08:00: [0mGET /public/js/article_front.js [36m304 [0m8.598 ms - -[0m
2017-01-10 18:17 +08:00: [0mGET /public/images/logo2.png [36m304 [0m6.222 ms - -[0m
2017-01-10 18:17 +08:00: [0mGET /public/fonts/simple-line-icons/Simple-Line-Icons.ttf?v=2.2.2 [36m304 [0m2.298 ms - -[0m
2017-01-10 18:17 +08:00: [0mGET /public/fonts/icomoon/icomoon.ttf?srf3rx [36m304 [0m2.208 ms - -[0m
2017-01-10 18:17 +08:00: [0mGET /article [36m304 [0m14.094 ms - -[0m
2017-01-10 18:17 +08:00: [0mGET /public/css/animate.css [36m304 [0m2.997 ms - -[0m
2017-01-10 18:17 +08:00: [0mGET /public/css/icomoon.css [36m304 [0m6.674 ms - -[0m
2017-01-10 18:17 +08:00: [0mGET /public/css/simple-line-icons.css [36m304 [0m6.307 ms - -[0m
2017-01-10 18:17 +08:00: [0mGET /public/css/bootstrap.css [36m304 [0m8.180 ms - -[0m
2017-01-10 18:17 +08:00: [0mGET /public/libs/jquery-pager/Pager.css [36m304 [0m5.041 ms - -[0m
2017-01-10 18:17 +08:00: [0mGET /public/css/style.css [36m304 [0m4.917 ms - -[0m
2017-01-10 18:17 +08:00: [0mGET /public/css/admin.css [36m304 [0m3.068 ms - -[0m
2017-01-10 18:17 +08:00: [0mGET /public/libs/font-awesome/css/font-awesome.css [36m304 [0m1.769 ms - -[0m
2017-01-10 18:17 +08:00: [0mGET /public/libs/upload/css/jquery.Jcrop.css [36m304 [0m3.863 ms - -[0m
2017-01-10 18:17 +08:00: [0mGET /public/css/mall.css [36m304 [0m5.968 ms - -[0m
2017-01-10 18:17 +08:00: [0mGET /public/css/article.css [36m304 [0m7.679 ms - -[0m
2017-01-10 18:17 +08:00: [0mGET /public/libs/ueditor/themes/default/css/ueditor.css [36m304 [0m7.651 ms - -[0m
[0mGET /public/libs/ueditor/third-party/syntaxhighlighter/shCoreDefault.css [36m304 [0m5.887 ms - -[0m
[0mGET /public/libs/ueditor/third-party/syntaxhighlighter/shCore.js [36m304 [0m5.477 ms - -[0m
2017-01-10 18:17 +08:00: [0mGET /public/js/modernizr-2.6.2.min.js [36m304 [0m4.860 ms - -[0m
2017-01-10 18:17 +08:00: [0mGET /public/js/jquery.min.js [36m304 [0m6.096 ms - -[0m
2017-01-10 18:17 +08:00: [0mGET /public/js/jquery.easing.1.3.js [36m304 [0m5.670 ms - -[0m
[0mGET /public/js/bootstrap.min.js [36m304 [0m5.350 ms - -[0m
[0mGET /public/libs/bootstrap-confirm/confirm-bootstrap.js [36m304 [0m4.878 ms - -[0m
2017-01-10 18:17 +08:00: [0mGET /public/libs/jquery-pager/jquery.pager.js [36m304 [0m4.561 ms - -[0m
2017-01-10 18:17 +08:00: [0mGET /api/user/getCurrentUser [36m304 [0m11.916 ms - -[0m
2017-01-10 18:17 +08:00: [0mGET /public/libs/art-template/arttemplate.js [36m304 [0m6.784 ms - -[0m
2017-01-10 18:17 +08:00: [0mGET /public/libs/upload/js/jquery.Jcrop.min.js [36m304 [0m6.012 ms - -[0m
2017-01-10 18:17 +08:00: [0mGET /public/js/article_back.js [36m304 [0m8.704 ms - -[0m
2017-01-10 18:17 +08:00: [0mGET /public/js/jquery.waypoints.min.js [36m304 [0m8.157 ms - -[0m
2017-01-10 18:17 +08:00: [0mGET /public/js/main.js [36m304 [0m8.066 ms - -[0m
2017-01-10 18:17 +08:00: [0mGET /public/js/article_front.js [36m304 [0m7.188 ms - -[0m
2017-01-10 18:17 +08:00: [0mGET /public/images/logo2.png [36m304 [0m2.637 ms - -[0m
2017-01-10 18:17 +08:00: [0mGET /public/fonts/simple-line-icons/Simple-Line-Icons.ttf?v=2.2.2 [36m304 [0m2.205 ms - -[0m
2017-01-10 18:17 +08:00: [0mGET /public/fonts/icomoon/icomoon.ttf?srf3rx [36m304 [0m1.812 ms - -[0m
2017-01-10 18:17 +08:00: [0mGET /api/article/getArticleList?pageIndex=1&pageSize=4 [32m200 [0m63.774 ms - 11740[0m
2017-01-10 18:17 +08:00: [0mGET /public/ueditor/picture/290fc4273335a3e095da0f329d564031.png [36m304 [0m6.187 ms - -[0m
2017-01-10 18:17 +08:00: [0mGET /public/ueditor/picture/9e44a3f91c590273f243640a2b1b8ed1.png [36m304 [0m5.929 ms - -[0m
2017-01-10 18:17 +08:00: [0mGET /public/ueditor/picture/ad24b067a0890fb2e4de6f5da3c7e28e.png [36m304 [0m3.785 ms - -[0m
2017-01-10 18:17 +08:00: [0mGET /public/ueditor/picture/0fc71eae359dea34966b7c1535cb95d6.png [36m304 [0m3.262 ms - -[0m
2017-01-10 18:17 +08:00: Session {
  cookie: 
   { path: '/',
     _expires: Wed Jan 11 2017 18:17:09 GMT+0800 (中国标准时间),
     originalMaxAge: 86400000,
     httpOnly: true } }
2017-01-10 18:17 +08:00: [0mGET /picture [36m304 [0m57.024 ms - -[0m
2017-01-10 18:17 +08:00: [0mGET /public/css/animate.css [36m304 [0m5.084 ms - -[0m
2017-01-10 18:17 +08:00: [0mGET /public/css/icomoon.css [36m304 [0m4.625 ms - -[0m
[0mGET /public/css/simple-line-icons.css [36m304 [0m3.568 ms - -[0m
2017-01-10 18:17 +08:00: [0mGET /public/css/bootstrap.css [36m304 [0m4.470 ms - -[0m
2017-01-10 18:17 +08:00: [0mGET /public/libs/jquery-pager/Pager.css [36m304 [0m2.799 ms - -[0m
2017-01-10 18:17 +08:00: [0mGET /public/css/style.css [36m304 [0m2.569 ms - -[0m
2017-01-10 18:17 +08:00: [0mGET /public/css/admin.css [36m304 [0m2.012 ms - -[0m
2017-01-10 18:17 +08:00: [0mGET /public/libs/font-awesome/css/font-awesome.css [36m304 [0m6.947 ms - -[0m
2017-01-10 18:17 +08:00: [0mGET /public/libs/upload/css/jquery.Jcrop.css [36m304 [0m7.394 ms - -[0m
2017-01-10 18:17 +08:00: [0mGET /public/css/mall.css [36m304 [0m6.534 ms - -[0m
2017-01-10 18:17 +08:00: [0mGET /public/css/article.css [36m304 [0m6.240 ms - -[0m
2017-01-10 18:17 +08:00: [0mGET /public/libs/ueditor/themes/default/css/ueditor.css [36m304 [0m6.789 ms - -[0m
2017-01-10 18:17 +08:00: [0mGET /public/libs/ueditor/third-party/syntaxhighlighter/shCoreDefault.css [36m304 [0m7.669 ms - -[0m
2017-01-10 18:17 +08:00: [0mGET /public/libs/ueditor/third-party/syntaxhighlighter/shCore.js [36m304 [0m5.292 ms - -[0m
2017-01-10 18:17 +08:00: [0mGET /public/js/modernizr-2.6.2.min.js [36m304 [0m14.431 ms - -[0m
2017-01-10 18:17 +08:00: [0mGET /public/js/jquery.min.js [36m304 [0m15.203 ms - -[0m
2017-01-10 18:17 +08:00: [0mGET /api/user/getCurrentUser [36m304 [0m15.948 ms - -[0m
2017-01-10 18:17 +08:00: [0mGET /public/js/jquery.easing.1.3.js [36m304 [0m14.640 ms - -[0m
2017-01-10 18:17 +08:00: [0mGET /public/js/bootstrap.min.js [36m304 [0m11.537 ms - -[0m
[0mGET /public/libs/bootstrap-confirm/confirm-bootstrap.js [36m304 [0m10.553 ms - -[0m
2017-01-10 18:17 +08:00: [0mGET /public/libs/jquery-pager/jquery.pager.js [36m304 [0m9.993 ms - -[0m
2017-01-10 18:17 +08:00: [0mGET /public/libs/art-template/arttemplate.js [36m304 [0m12.034 ms - -[0m
2017-01-10 18:17 +08:00: [0mGET /public/libs/upload/js/jquery.Jcrop.min.js [36m304 [0m10.887 ms - -[0m
2017-01-10 18:17 +08:00: [0mGET /public/js/jquery.waypoints.min.js [36m304 [0m9.139 ms - -[0m
2017-01-10 18:17 +08:00: [0mGET /public/js/main.js [36m304 [0m8.317 ms - -[0m
2017-01-10 18:17 +08:00: [0mGET /public/js/article_front.js [36m304 [0m7.303 ms - -[0m
2017-01-10 18:17 +08:00: [0mGET /public/images/logo2.png [36m304 [0m3.924 ms - -[0m
2017-01-10 18:17 +08:00: [0mGET /public/images/image_1.jpg [36m304 [0m13.650 ms - -[0m
2017-01-10 18:17 +08:00: [0mGET /public/fonts/simple-line-icons/Simple-Line-Icons.ttf?v=2.2.2 [36m304 [0m13.063 ms - -[0m
2017-01-10 18:17 +08:00: [0mGET /public/images/image_2.jpg [36m304 [0m12.455 ms - -[0m
[0mGET /public/images/image_3.jpg [36m304 [0m8.842 ms - -[0m
2017-01-10 18:17 +08:00: [0mGET /public/images/image_4.jpg [36m304 [0m9.034 ms - -[0m
2017-01-10 18:17 +08:00: [0mGET /public/images/image_5.jpg [36m304 [0m4.911 ms - -[0m
2017-01-10 18:17 +08:00: [0mGET /public/fonts/icomoon/icomoon.ttf?srf3rx [36m304 [0m3.799 ms - -[0m
2017-01-10 18:17 +08:00: [0mGET /public/images/image_6.jpg [36m304 [0m1.249 ms - -[0m
2017-01-10 18:17 +08:00: [0mGET /mall [36m304 [0m49.871 ms - -[0m
2017-01-10 18:17 +08:00: [0mGET /public/css/animate.css [36m304 [0m5.476 ms - -[0m
[0mGET /public/css/icomoon.css [36m304 [0m2.111 ms - -[0m
2017-01-10 18:17 +08:00: [0mGET /public/css/simple-line-icons.css [36m304 [0m1.971 ms - -[0m
[0mGET /public/css/bootstrap.css [36m304 [0m5.331 ms - -[0m
2017-01-10 18:17 +08:00: [0mGET /public/libs/jquery-pager/Pager.css [36m304 [0m3.656 ms - -[0m
[0mGET /public/css/style.css [36m304 [0m2.566 ms - -[0m
[0mGET /public/css/admin.css [36m304 [0m6.892 ms - -[0m
[0mGET /public/libs/font-awesome/css/font-awesome.css [36m304 [0m2.192 ms - -[0m
[0mGET /public/libs/upload/css/jquery.Jcrop.css [36m304 [0m1.840 ms - -[0m
[0mGET /public/css/mall.css [36m304 [0m1.297 ms - -[0m
2017-01-10 18:17 +08:00: [0mGET /public/css/article.css [36m304 [0m2.530 ms - -[0m
2017-01-10 18:17 +08:00: [0mGET /public/libs/ueditor/themes/default/css/ueditor.css [36m304 [0m1.793 ms - -[0m
2017-01-10 18:17 +08:00: [0mGET /public/libs/ueditor/third-party/syntaxhighlighter/shCoreDefault.css [36m304 [0m3.216 ms - -[0m
2017-01-10 18:17 +08:00: [0mGET /public/libs/ueditor/third-party/syntaxhighlighter/shCore.js [36m304 [0m3.262 ms - -[0m
2017-01-10 18:17 +08:00: [0mGET /public/js/modernizr-2.6.2.min.js [36m304 [0m2.852 ms - -[0m
2017-01-10 18:17 +08:00: [0mGET /public/js/jquery.min.js [36m304 [0m14.386 ms - -[0m
2017-01-10 18:17 +08:00: [0mGET /api/user/getCurrentUser [36m304 [0m16.282 ms - -[0m
2017-01-10 18:17 +08:00: [0mGET /public/js/jquery.easing.1.3.js [36m304 [0m11.241 ms - -[0m
2017-01-10 18:17 +08:00: [0mGET /public/js/bootstrap.min.js [36m304 [0m14.103 ms - -[0m
2017-01-10 18:17 +08:00: [0mGET /public/libs/bootstrap-confirm/confirm-bootstrap.js [36m304 [0m13.641 ms - -[0m
2017-01-10 18:17 +08:00: [0mGET /public/libs/jquery-pager/jquery.pager.js [36m304 [0m12.447 ms - -[0m
2017-01-10 18:17 +08:00: [0mGET /public/libs/art-template/arttemplate.js [36m304 [0m6.386 ms - -[0m
2017-01-10 18:17 +08:00: [0mGET /public/libs/upload/js/jquery.Jcrop.min.js [36m304 [0m6.744 ms - -[0m
2017-01-10 18:17 +08:00: [0mGET /public/js/jquery.waypoints.min.js [36m304 [0m6.392 ms - -[0m
2017-01-10 18:17 +08:00: [0mGET /public/js/main.js [36m304 [0m6.678 ms - -[0m
2017-01-10 18:17 +08:00: [0mGET /public/js/article_front.js [36m304 [0m7.838 ms - -[0m
2017-01-10 18:17 +08:00: [0mGET /public/images/logo2.png [36m304 [0m2.358 ms - -[0m
2017-01-10 18:17 +08:00: [0mGET /public/images/show_pic_01.jpg [36m304 [0m1.562 ms - -[0m
2017-01-10 18:17 +08:00: [0mGET /public/images/show_pic_02.jpg [36m304 [0m5.351 ms - -[0m
2017-01-10 18:17 +08:00: [0mGET /public/images/show_pic_03.jpg [36m304 [0m4.953 ms - -[0m
[0mGET /public/images/show_pic_04.jpg [36m304 [0m4.055 ms - -[0m
2017-01-10 18:17 +08:00: [0mGET /public/images/show_pic_05.jpg [36m304 [0m4.660 ms - -[0m
2017-01-10 18:17 +08:00: [0mGET /public/images/show_pic_06.jpg [36m304 [0m4.248 ms - -[0m
2017-01-10 18:17 +08:00: [0mGET /public/images/show_pic_07.jpg [36m304 [0m1.278 ms - -[0m
2017-01-10 18:17 +08:00: [0mGET /public/images/show_pic_08.jpg [36m304 [0m1.246 ms - -[0m
2017-01-10 18:17 +08:00: [0mGET /public/fonts/simple-line-icons/Simple-Line-Icons.ttf?v=2.2.2 [36m304 [0m5.570 ms - -[0m
2017-01-10 18:17 +08:00: [0mGET /public/fonts/icomoon/icomoon.ttf?srf3rx [36m304 [0m5.325 ms - -[0m
2017-01-10 18:17 +08:00: [0mGET / [36m304 [0m25.116 ms - -[0m
2017-01-10 18:17 +08:00: [0mGET /public/css/animate.css [36m304 [0m3.821 ms - -[0m
2017-01-10 18:17 +08:00: [0mGET /public/css/icomoon.css [36m304 [0m5.597 ms - -[0m
2017-01-10 18:17 +08:00: [0mGET /public/css/simple-line-icons.css [36m304 [0m4.638 ms - -[0m
2017-01-10 18:17 +08:00: [0mGET /public/css/bootstrap.css [36m304 [0m3.275 ms - -[0m
2017-01-10 18:17 +08:00: [0mGET /public/libs/jquery-pager/Pager.css [36m304 [0m4.239 ms - -[0m
2017-01-10 18:17 +08:00: [0mGET /public/css/style.css [36m304 [0m4.826 ms - -[0m
2017-01-10 18:17 +08:00: [0mGET /public/css/admin.css [36m304 [0m3.190 ms - -[0m
2017-01-10 18:17 +08:00: [0mGET /public/libs/font-awesome/css/font-awesome.css [36m304 [0m2.934 ms - -[0m
2017-01-10 18:17 +08:00: [0mGET /public/libs/upload/css/jquery.Jcrop.css [36m304 [0m3.445 ms - -[0m
2017-01-10 18:17 +08:00: [0mGET /public/css/mall.css [36m304 [0m6.242 ms - -[0m
2017-01-10 18:17 +08:00: [0mGET /public/css/article.css [36m304 [0m5.864 ms - -[0m
2017-01-10 18:17 +08:00: [0mGET /public/libs/ueditor/themes/default/css/ueditor.css [36m304 [0m5.065 ms - -[0m
2017-01-10 18:17 +08:00: [0mGET /public/libs/ueditor/third-party/syntaxhighlighter/shCoreDefault.css [36m304 [0m5.296 ms - -[0m
2017-01-10 18:17 +08:00: [0mGET /public/libs/ueditor/third-party/syntaxhighlighter/shCore.js [36m304 [0m3.117 ms - -[0m
2017-01-10 18:17 +08:00: [0mGET /public/js/modernizr-2.6.2.min.js [36m304 [0m2.652 ms - -[0m
2017-01-10 18:17 +08:00: [0mGET /public/js/jquery.min.js [36m304 [0m6.461 ms - -[0m
2017-01-10 18:17 +08:00: [0mGET /public/js/jquery.easing.1.3.js [36m304 [0m11.660 ms - -[0m
2017-01-10 18:17 +08:00: [0mGET /public/js/bootstrap.min.js [36m304 [0m11.045 ms - -[0m
2017-01-10 18:17 +08:00: [0mGET /public/libs/bootstrap-confirm/confirm-bootstrap.js [36m304 [0m10.744 ms - -[0m
2017-01-10 18:17 +08:00: [0mGET /api/user/getCurrentUser [36m304 [0m14.308 ms - -[0m
2017-01-10 18:17 +08:00: [0mGET /public/libs/jquery-pager/jquery.pager.js [36m304 [0m9.350 ms - -[0m
2017-01-10 18:17 +08:00: [0mGET /public/libs/art-template/arttemplate.js [36m304 [0m12.525 ms - -[0m
2017-01-10 18:17 +08:00: [0mGET /public/libs/upload/js/jquery.Jcrop.min.js [36m304 [0m9.809 ms - -[0m
2017-01-10 18:17 +08:00: [0mGET /public/js/jquery.waypoints.min.js [36m304 [0m7.372 ms - -[0m
2017-01-10 18:17 +08:00: [0mGET /public/js/main.js [36m304 [0m7.041 ms - -[0m
2017-01-10 18:17 +08:00: [0mGET /public/js/article_front.js [36m304 [0m9.372 ms - -[0m
2017-01-10 18:17 +08:00: [0mGET /public/images/logo2.png [36m304 [0m8.091 ms - -[0m
2017-01-10 18:17 +08:00: [0mGET /public/images/new1.jpg [36m304 [0m6.361 ms - -[0m
2017-01-10 18:17 +08:00: [0mGET /public/images/news-logo1.png [36m304 [0m5.138 ms - -[0m
[0mGET /public/images/news-logo2.png [36m304 [0m3.312 ms - -[0m
2017-01-10 18:17 +08:00: [0mGET /public/images/new2.jpg [36m304 [0m4.023 ms - -[0m
2017-01-10 18:17 +08:00: [0mGET /public/images/new3.jpg [36m304 [0m2.591 ms - -[0m
2017-01-10 18:17 +08:00: [0mGET /public/images/news-logo3.png [36m304 [0m1.694 ms - -[0m
2017-01-10 18:17 +08:00: [0mGET /public/images/banner.jpg [36m304 [0m3.735 ms - -[0m
2017-01-10 18:17 +08:00: [0mGET /public/images/image_6.jpg [36m304 [0m4.847 ms - -[0m
2017-01-10 18:17 +08:00: [0mGET /public/fonts/simple-line-icons/Simple-Line-Icons.ttf?v=2.2.2 [36m304 [0m5.199 ms - -[0m
2017-01-10 18:17 +08:00: [0mGET /public/images/image_2.jpg [36m304 [0m6.153 ms - -[0m
2017-01-10 18:17 +08:00: [0mGET /public/fonts/icomoon/icomoon.ttf?srf3rx [36m304 [0m4.468 ms - -[0m
[0mGET /public/images/image_3.jpg [36m304 [0m2.842 ms - -[0m
2017-01-10 18:17 +08:00: [0mGET /public/images/image_8.jpg [36m304 [0m1.248 ms - -[0m
2017-01-10 18:17 +08:00: [0mGET /mall [36m304 [0m15.410 ms - -[0m
2017-01-10 18:17 +08:00: [0mGET /public/css/animate.css [36m304 [0m4.055 ms - -[0m
2017-01-10 18:17 +08:00: [0mGET /public/css/icomoon.css [36m304 [0m6.730 ms - -[0m
2017-01-10 18:17 +08:00: [0mGET /public/css/simple-line-icons.css [36m304 [0m7.649 ms - -[0m
2017-01-10 18:17 +08:00: [0mGET /public/css/bootstrap.css [36m304 [0m5.426 ms - -[0m
2017-01-10 18:17 +08:00: [0mGET /public/libs/jquery-pager/Pager.css [36m304 [0m6.462 ms - -[0m
2017-01-10 18:17 +08:00: [0mGET /public/css/style.css [36m304 [0m6.129 ms - -[0m
[0mGET /public/css/admin.css [36m304 [0m4.058 ms - -[0m
2017-01-10 18:17 +08:00: [0mGET /public/libs/font-awesome/css/font-awesome.css [36m304 [0m3.158 ms - -[0m
2017-01-10 18:17 +08:00: [0mGET /public/libs/upload/css/jquery.Jcrop.css [36m304 [0m3.482 ms - -[0m
2017-01-10 18:17 +08:00: [0mGET /public/css/mall.css [36m304 [0m7.456 ms - -[0m
2017-01-10 18:17 +08:00: [0mGET /public/css/article.css [36m304 [0m4.488 ms - -[0m
[0mGET /public/libs/ueditor/themes/default/css/ueditor.css [36m304 [0m4.401 ms - -[0m
2017-01-10 18:17 +08:00: [0mGET /public/libs/ueditor/third-party/syntaxhighlighter/shCoreDefault.css [36m304 [0m5.833 ms - -[0m
2017-01-10 18:17 +08:00: [0mGET /public/libs/ueditor/third-party/syntaxhighlighter/shCore.js [36m304 [0m5.389 ms - -[0m
2017-01-10 18:17 +08:00: [0mGET /public/js/modernizr-2.6.2.min.js [36m304 [0m4.145 ms - -[0m
2017-01-10 18:17 +08:00: [0mGET /public/js/jquery.min.js [36m304 [0m3.054 ms - -[0m
2017-01-10 18:17 +08:00: [0mGET /public/js/jquery.easing.1.3.js [36m304 [0m5.176 ms - -[0m
2017-01-10 18:17 +08:00: [0mGET /public/js/bootstrap.min.js [36m304 [0m4.643 ms - -[0m
2017-01-10 18:17 +08:00: [0mGET /public/libs/bootstrap-confirm/confirm-bootstrap.js [36m304 [0m4.057 ms - -[0m
2017-01-10 18:17 +08:00: [0mGET /public/libs/jquery-pager/jquery.pager.js [36m304 [0m4.105 ms - -[0m
2017-01-10 18:17 +08:00: [0mGET /public/libs/art-template/arttemplate.js [36m304 [0m3.159 ms - -[0m
2017-01-10 18:17 +08:00: [0mGET /public/libs/upload/js/jquery.Jcrop.min.js [36m304 [0m2.887 ms - -[0m
2017-01-10 18:17 +08:00: [0mGET /public/js/jquery.waypoints.min.js [36m304 [0m4.703 ms - -[0m
2017-01-10 18:17 +08:00: [0mGET /public/js/main.js [36m304 [0m4.073 ms - -[0m
2017-01-10 18:17 +08:00: [0mGET /public/js/article_front.js [36m304 [0m2.757 ms - -[0m
2017-01-10 18:17 +08:00: [0mGET /api/user/getCurrentUser [36m304 [0m26.742 ms - -[0m
2017-01-10 18:17 +08:00: [0mGET /public/images/logo2.png [36m304 [0m1.703 ms - -[0m
2017-01-10 18:17 +08:00: [0mGET /public/images/show_pic_01.jpg [36m304 [0m4.430 ms - -[0m
2017-01-10 18:17 +08:00: [0mGET /public/images/show_pic_02.jpg [36m304 [0m4.212 ms - -[0m
[0mGET /public/images/show_pic_03.jpg [36m304 [0m3.843 ms - -[0m
2017-01-10 18:17 +08:00: [0mGET /public/images/show_pic_04.jpg [36m304 [0m4.171 ms - -[0m
[0mGET /public/images/show_pic_05.jpg [36m304 [0m4.184 ms - -[0m
[0mGET /public/images/show_pic_06.jpg [36m304 [0m4.240 ms - -[0m
2017-01-10 18:17 +08:00: [0mGET /public/images/show_pic_07.jpg [36m304 [0m1.841 ms - -[0m
2017-01-10 18:17 +08:00: [0mGET /public/images/show_pic_08.jpg [36m304 [0m1.529 ms - -[0m
2017-01-10 18:17 +08:00: [0mGET /public/fonts/simple-line-icons/Simple-Line-Icons.ttf?v=2.2.2 [36m304 [0m1.489 ms - -[0m
2017-01-10 18:17 +08:00: [0mGET /public/fonts/icomoon/icomoon.ttf?srf3rx [36m304 [0m1.316 ms - -[0m
2017-01-10 18:17 +08:00: Session {
  cookie: 
   { path: '/',
     _expires: Wed Jan 11 2017 18:17:09 GMT+0800 (中国标准时间),
     originalMaxAge: 86400000,
     httpOnly: true } }
2017-01-10 18:17 +08:00: [0mGET /picture [36m304 [0m18.842 ms - -[0m
2017-01-10 18:17 +08:00: [0mGET /public/css/animate.css [36m304 [0m14.643 ms - -[0m
2017-01-10 18:17 +08:00: [0mGET /public/css/icomoon.css [36m304 [0m14.214 ms - -[0m
2017-01-10 18:17 +08:00: [0mGET /public/css/simple-line-icons.css [36m304 [0m11.541 ms - -[0m
2017-01-10 18:17 +08:00: [0mGET /public/css/bootstrap.css [36m304 [0m8.799 ms - -[0m
[0mGET /public/libs/jquery-pager/Pager.css [36m304 [0m8.480 ms - -[0m
[0mGET /public/css/style.css [36m304 [0m4.770 ms - -[0m
2017-01-10 18:17 +08:00: [0mGET /public/css/admin.css [36m304 [0m4.907 ms - -[0m
2017-01-10 18:17 +08:00: [0mGET /public/libs/font-awesome/css/font-awesome.css [36m304 [0m2.102 ms - -[0m
2017-01-10 18:17 +08:00: [0mGET /public/libs/upload/css/jquery.Jcrop.css [36m304 [0m3.165 ms - -[0m
2017-01-10 18:17 +08:00: [0mGET /public/css/mall.css [36m304 [0m3.814 ms - -[0m
2017-01-10 18:17 +08:00: [0mGET /public/css/article.css [36m304 [0m3.573 ms - -[0m
2017-01-10 18:17 +08:00: [0mGET /public/libs/ueditor/themes/default/css/ueditor.css [36m304 [0m3.025 ms - -[0m
2017-01-10 18:17 +08:00: [0mGET /public/libs/ueditor/third-party/syntaxhighlighter/shCoreDefault.css [36m304 [0m6.820 ms - -[0m
2017-01-10 18:17 +08:00: [0mGET /public/libs/ueditor/third-party/syntaxhighlighter/shCore.js [36m304 [0m10.019 ms - -[0m
2017-01-10 18:17 +08:00: [0mGET /public/js/modernizr-2.6.2.min.js [36m304 [0m8.420 ms - -[0m
[0mGET /public/js/jquery.min.js [36m304 [0m7.873 ms - -[0m
2017-01-10 18:17 +08:00: [0mGET /public/js/jquery.easing.1.3.js [36m304 [0m12.461 ms - -[0m
2017-01-10 18:17 +08:00: [0mGET /api/user/getCurrentUser [36m304 [0m13.985 ms - -[0m
2017-01-10 18:17 +08:00: [0mGET /public/js/bootstrap.min.js [36m304 [0m10.467 ms - -[0m
2017-01-10 18:17 +08:00: [0mGET /public/libs/bootstrap-confirm/confirm-bootstrap.js [36m304 [0m9.159 ms - -[0m
[0mGET /public/libs/jquery-pager/jquery.pager.js [36m304 [0m6.483 ms - -[0m
[0mGET /public/libs/art-template/arttemplate.js [36m304 [0m4.598 ms - -[0m
[0mGET /public/libs/upload/js/jquery.Jcrop.min.js [36m304 [0m3.872 ms - -[0m
[0mGET /public/js/jquery.waypoints.min.js [36m304 [0m3.371 ms - -[0m
2017-01-10 18:17 +08:00: [0mGET /public/js/main.js [36m304 [0m5.768 ms - -[0m
2017-01-10 18:17 +08:00: [0mGET /public/js/article_front.js [36m304 [0m5.110 ms - -[0m
2017-01-10 18:17 +08:00: [0mGET /public/images/logo2.png [36m304 [0m1.728 ms - -[0m
2017-01-10 18:17 +08:00: [0mGET /public/images/image_1.jpg [36m304 [0m7.204 ms - -[0m
2017-01-10 18:17 +08:00: [0mGET /public/fonts/simple-line-icons/Simple-Line-Icons.ttf?v=2.2.2 [36m304 [0m6.463 ms - -[0m
2017-01-10 18:17 +08:00: [0mGET /public/images/image_2.jpg [36m304 [0m18.375 ms - -[0m
2017-01-10 18:17 +08:00: [0mGET /public/images/image_3.jpg [36m304 [0m16.305 ms - -[0m
[0mGET /public/images/image_5.jpg [36m304 [0m15.287 ms - -[0m
2017-01-10 18:17 +08:00: [0mGET /public/images/image_4.jpg [36m304 [0m15.901 ms - -[0m
2017-01-10 18:17 +08:00: [0mGET /public/fonts/icomoon/icomoon.ttf?srf3rx [36m304 [0m6.573 ms - -[0m
2017-01-10 18:17 +08:00: [0mGET /public/images/image_6.jpg [36m304 [0m1.878 ms - -[0m
2017-01-10 18:18 +08:00: [0mGET /mall [36m304 [0m23.322 ms - -[0m
2017-01-10 18:18 +08:00: [0mGET /public/css/animate.css [36m304 [0m2.919 ms - -[0m
2017-01-10 18:18 +08:00: [0mGET /public/css/icomoon.css [36m304 [0m2.184 ms - -[0m
2017-01-10 18:18 +08:00: [0mGET /public/css/simple-line-icons.css [36m304 [0m2.727 ms - -[0m
2017-01-10 18:18 +08:00: [0mGET /public/css/bootstrap.css [36m304 [0m2.087 ms - -[0m
2017-01-10 18:18 +08:00: [0mGET /public/libs/jquery-pager/Pager.css [36m304 [0m9.207 ms - -[0m
2017-01-10 18:18 +08:00: [0mGET /public/css/style.css [36m304 [0m6.254 ms - -[0m
[0mGET /public/css/admin.css [36m304 [0m4.940 ms - -[0m
[0mGET /public/libs/font-awesome/css/font-awesome.css [36m304 [0m4.446 ms - -[0m
2017-01-10 18:18 +08:00: [0mGET /public/libs/upload/css/jquery.Jcrop.css [36m304 [0m3.612 ms - -[0m
2017-01-10 18:18 +08:00: [0mGET /public/css/mall.css [36m304 [0m5.070 ms - -[0m
2017-01-10 18:18 +08:00: [0mGET /public/css/article.css [36m304 [0m3.155 ms - -[0m
2017-01-10 18:18 +08:00: [0mGET /public/libs/ueditor/themes/default/css/ueditor.css [36m304 [0m5.000 ms - -[0m
2017-01-10 18:18 +08:00: [0mGET /public/libs/ueditor/third-party/syntaxhighlighter/shCoreDefault.css [36m304 [0m4.528 ms - -[0m
2017-01-10 18:18 +08:00: [0mGET /public/libs/ueditor/third-party/syntaxhighlighter/shCore.js [36m304 [0m4.107 ms - -[0m
2017-01-10 18:18 +08:00: [0mGET /public/js/modernizr-2.6.2.min.js [36m304 [0m2.659 ms - -[0m
2017-01-10 18:18 +08:00: [0mGET /api/user/getCurrentUser [36m304 [0m10.592 ms - -[0m
2017-01-10 18:18 +08:00: [0mGET /public/js/jquery.min.js [36m304 [0m10.482 ms - -[0m
2017-01-10 18:18 +08:00: [0mGET /public/js/jquery.easing.1.3.js [36m304 [0m8.966 ms - -[0m
2017-01-10 18:18 +08:00: [0mGET /public/js/bootstrap.min.js [36m304 [0m8.024 ms - -[0m
2017-01-10 18:18 +08:00: [0mGET /public/libs/bootstrap-confirm/confirm-bootstrap.js [36m304 [0m7.437 ms - -[0m
2017-01-10 18:18 +08:00: [0mGET /public/libs/art-template/arttemplate.js [36m304 [0m6.622 ms - -[0m
2017-01-10 18:18 +08:00: [0mGET /public/libs/jquery-pager/jquery.pager.js [36m304 [0m7.717 ms - -[0m
2017-01-10 18:18 +08:00: [0mGET /public/libs/upload/js/jquery.Jcrop.min.js [36m304 [0m8.829 ms - -[0m
2017-01-10 18:18 +08:00: [0mGET /public/js/jquery.waypoints.min.js [36m304 [0m8.093 ms - -[0m
2017-01-10 18:18 +08:00: [0mGET /public/js/main.js [36m304 [0m5.874 ms - -[0m
2017-01-10 18:18 +08:00: [0mGET /public/js/article_front.js [36m304 [0m5.230 ms - -[0m
2017-01-10 18:18 +08:00: [0mGET /public/images/logo2.png [36m304 [0m6.851 ms - -[0m
2017-01-10 18:18 +08:00: [0mGET /public/images/show_pic_01.jpg [36m304 [0m5.876 ms - -[0m
[0mGET /public/images/show_pic_02.jpg [36m304 [0m4.579 ms - -[0m
2017-01-10 18:18 +08:00: [0mGET /public/images/show_pic_03.jpg [36m304 [0m5.297 ms - -[0m
[0mGET /public/images/show_pic_04.jpg [36m304 [0m5.036 ms - -[0m
[0mGET /public/images/show_pic_05.jpg [36m304 [0m4.743 ms - -[0m
2017-01-10 18:18 +08:00: [0mGET /public/images/show_pic_06.jpg [36m304 [0m3.566 ms - -[0m
2017-01-10 18:18 +08:00: [0mGET /public/images/show_pic_07.jpg [36m304 [0m2.373 ms - -[0m
2017-01-10 18:18 +08:00: [0mGET /public/images/show_pic_08.jpg [36m304 [0m1.726 ms - -[0m
2017-01-10 18:18 +08:00: [0mGET /public/fonts/simple-line-icons/Simple-Line-Icons.ttf?v=2.2.2 [36m304 [0m1.805 ms - -[0m
2017-01-10 18:18 +08:00: [0mGET /public/fonts/icomoon/icomoon.ttf?srf3rx [36m304 [0m1.759 ms - -[0m
2017-01-10 18:18 +08:00: [0mGET / [36m304 [0m32.027 ms - -[0m
2017-01-10 18:18 +08:00: [0mGET /public/css/animate.css [36m304 [0m3.096 ms - -[0m
2017-01-10 18:18 +08:00: [0mGET /public/css/icomoon.css [36m304 [0m3.879 ms - -[0m
2017-01-10 18:18 +08:00: [0mGET /public/css/simple-line-icons.css [36m304 [0m7.832 ms - -[0m
[0mGET /public/css/bootstrap.css [36m304 [0m3.529 ms - -[0m
2017-01-10 18:18 +08:00: [0mGET /public/libs/jquery-pager/Pager.css [36m304 [0m2.439 ms - -[0m
2017-01-10 18:18 +08:00: [0mGET /public/css/admin.css [36m304 [0m4.746 ms - -[0m
2017-01-10 18:18 +08:00: [0mGET /public/libs/font-awesome/css/font-awesome.css [36m304 [0m3.132 ms - -[0m
2017-01-10 18:18 +08:00: [0mGET /public/libs/upload/css/jquery.Jcrop.css [36m304 [0m2.777 ms - -[0m
2017-01-10 18:18 +08:00: [0mGET /public/css/mall.css [36m304 [0m3.192 ms - -[0m
2017-01-10 18:18 +08:00: [0mGET /public/css/article.css [36m304 [0m3.077 ms - -[0m
2017-01-10 18:18 +08:00: [0mGET /public/libs/ueditor/themes/default/css/ueditor.css [36m304 [0m2.545 ms - -[0m
2017-01-10 18:18 +08:00: [0mGET /public/css/style.css [36m304 [0m14.725 ms - -[0m
2017-01-10 18:18 +08:00: [0mGET /public/libs/ueditor/third-party/syntaxhighlighter/shCoreDefault.css [36m304 [0m3.004 ms - -[0m
2017-01-10 18:18 +08:00: [0mGET /public/libs/ueditor/third-party/syntaxhighlighter/shCore.js [36m304 [0m3.427 ms - -[0m
2017-01-10 18:18 +08:00: [0mGET /public/js/modernizr-2.6.2.min.js [36m304 [0m6.834 ms - -[0m
2017-01-10 18:18 +08:00: [0mGET /public/js/jquery.min.js [36m304 [0m4.536 ms - -[0m
2017-01-10 18:18 +08:00: [0mGET /public/js/jquery.easing.1.3.js [36m304 [0m4.465 ms - -[0m
2017-01-10 18:18 +08:00: [0mGET /public/js/bootstrap.min.js [36m304 [0m9.277 ms - -[0m
2017-01-10 18:18 +08:00: [0mGET /api/user/getCurrentUser [36m304 [0m16.846 ms - -[0m
2017-01-10 18:18 +08:00: [0mGET /public/libs/bootstrap-confirm/confirm-bootstrap.js [36m304 [0m6.845 ms - -[0m
2017-01-10 18:18 +08:00: [0mGET /public/libs/jquery-pager/jquery.pager.js [36m304 [0m5.435 ms - -[0m
2017-01-10 18:18 +08:00: [0mGET /public/libs/art-template/arttemplate.js [36m304 [0m6.742 ms - -[0m
2017-01-10 18:18 +08:00: [0mGET /public/libs/upload/js/jquery.Jcrop.min.js [36m304 [0m6.181 ms - -[0m
[0mGET /public/js/jquery.waypoints.min.js [36m304 [0m4.754 ms - -[0m
2017-01-10 18:18 +08:00: [0mGET /public/js/main.js [36m304 [0m4.717 ms - -[0m
2017-01-10 18:18 +08:00: [0mGET /public/js/article_front.js [36m304 [0m3.231 ms - -[0m
2017-01-10 18:18 +08:00: [0mGET /public/images/logo2.png [36m304 [0m2.146 ms - -[0m
2017-01-10 18:18 +08:00: [0mGET /public/images/new1.jpg [36m304 [0m7.919 ms - -[0m
2017-01-10 18:18 +08:00: [0mGET /public/images/news-logo1.png [36m304 [0m7.444 ms - -[0m
[0mGET /public/images/news-logo2.png [36m304 [0m6.441 ms - -[0m
[0mGET /public/images/new2.jpg [36m304 [0m5.557 ms - -[0m
[0mGET /public/images/new3.jpg [36m304 [0m5.042 ms - -[0m
2017-01-10 18:18 +08:00: [0mGET /public/images/news-logo3.png [36m304 [0m4.505 ms - -[0m
2017-01-10 18:18 +08:00: [0mGET /public/images/banner.jpg [36m304 [0m9.998 ms - -[0m
2017-01-10 18:18 +08:00: [0mGET /public/images/image_6.jpg [36m304 [0m8.804 ms - -[0m
[0mGET /public/images/image_2.jpg [36m304 [0m8.394 ms - -[0m
[0mGET /public/images/image_3.jpg [36m304 [0m5.201 ms - -[0m
[0mGET /public/images/image_8.jpg [36m304 [0m4.805 ms - -[0m
2017-01-10 18:18 +08:00: [0mGET /public/fonts/simple-line-icons/Simple-Line-Icons.ttf?v=2.2.2 [36m304 [0m5.902 ms - -[0m
2017-01-10 18:18 +08:00: [0mGET /public/fonts/icomoon/icomoon.ttf?srf3rx [36m304 [0m3.286 ms - -[0m
2017-01-10 18:18 +08:00: Session {
  cookie: 
   { path: '/',
     _expires: Wed Jan 11 2017 18:17:09 GMT+0800 (中国标准时间),
     originalMaxAge: 86400000,
     httpOnly: true } }
2017-01-10 18:18 +08:00: [0mGET /picture [36m304 [0m18.105 ms - -[0m
2017-01-10 18:18 +08:00: [0mGET /public/css/animate.css [36m304 [0m6.870 ms - -[0m
2017-01-10 18:18 +08:00: [0mGET /public/css/icomoon.css [36m304 [0m6.142 ms - -[0m
2017-01-10 18:18 +08:00: [0mGET /public/css/simple-line-icons.css [36m304 [0m7.294 ms - -[0m
2017-01-10 18:18 +08:00: [0mGET /public/css/bootstrap.css [36m304 [0m5.969 ms - -[0m
2017-01-10 18:18 +08:00: [0mGET /public/libs/jquery-pager/Pager.css [36m304 [0m5.550 ms - -[0m
2017-01-10 18:18 +08:00: [0mGET /public/css/style.css [36m304 [0m6.551 ms - -[0m
2017-01-10 18:18 +08:00: [0mGET /public/css/admin.css [36m304 [0m10.845 ms - -[0m
2017-01-10 18:18 +08:00: [0mGET /public/libs/font-awesome/css/font-awesome.css [36m304 [0m6.475 ms - -[0m
[0mGET /public/libs/upload/css/jquery.Jcrop.css [36m304 [0m4.739 ms - -[0m
2017-01-10 18:18 +08:00: [0mGET /public/css/mall.css [36m304 [0m5.382 ms - -[0m
2017-01-10 18:18 +08:00: [0mGET /public/css/article.css [36m304 [0m5.781 ms - -[0m
2017-01-10 18:18 +08:00: [0mGET /public/libs/ueditor/third-party/syntaxhighlighter/shCoreDefault.css [36m304 [0m9.572 ms - -[0m
2017-01-10 18:18 +08:00: [0mGET /public/libs/ueditor/themes/default/css/ueditor.css [36m304 [0m12.440 ms - -[0m
2017-01-10 18:18 +08:00: [0mGET /public/libs/ueditor/third-party/syntaxhighlighter/shCore.js [36m304 [0m11.162 ms - -[0m
2017-01-10 18:18 +08:00: [0mGET /public/js/modernizr-2.6.2.min.js [36m304 [0m10.790 ms - -[0m
2017-01-10 18:18 +08:00: [0mGET /public/js/jquery.min.js [36m304 [0m13.691 ms - -[0m
2017-01-10 18:18 +08:00: [0mGET /public/js/jquery.easing.1.3.js [36m304 [0m8.167 ms - -[0m
[0mGET /api/user/getCurrentUser [36m304 [0m15.348 ms - -[0m
2017-01-10 18:18 +08:00: [0mGET /public/js/bootstrap.min.js [36m304 [0m9.631 ms - -[0m
2017-01-10 18:18 +08:00: [0mGET /public/libs/bootstrap-confirm/confirm-bootstrap.js [36m304 [0m14.201 ms - -[0m
2017-01-10 18:18 +08:00: [0mGET /public/libs/jquery-pager/jquery.pager.js [36m304 [0m13.925 ms - -[0m
2017-01-10 18:18 +08:00: [0mGET /public/libs/art-template/arttemplate.js [36m304 [0m8.041 ms - -[0m
[0mGET /public/libs/upload/js/jquery.Jcrop.min.js [36m304 [0m5.519 ms - -[0m
2017-01-10 18:18 +08:00: [0mGET /public/js/jquery.waypoints.min.js [36m304 [0m7.326 ms - -[0m
2017-01-10 18:18 +08:00: [0mGET /public/js/main.js [36m304 [0m4.688 ms - -[0m
2017-01-10 18:18 +08:00: [0mGET /public/js/article_front.js [36m304 [0m2.964 ms - -[0m
2017-01-10 18:18 +08:00: [0mGET /public/images/logo2.png [36m304 [0m1.345 ms - -[0m
2017-01-10 18:18 +08:00: [0mGET /public/images/image_1.jpg [36m304 [0m5.746 ms - -[0m
2017-01-10 18:18 +08:00: [0mGET /public/fonts/simple-line-icons/Simple-Line-Icons.ttf?v=2.2.2 [36m304 [0m4.139 ms - -[0m
2017-01-10 18:18 +08:00: [0mGET /public/images/image_2.jpg [36m304 [0m3.763 ms - -[0m
2017-01-10 18:18 +08:00: [0mGET /public/images/image_3.jpg [36m304 [0m3.578 ms - -[0m
2017-01-10 18:18 +08:00: [0mGET /public/images/image_4.jpg [36m304 [0m1.580 ms - -[0m
2017-01-10 18:18 +08:00: [0mGET /public/images/image_5.jpg [36m304 [0m3.110 ms - -[0m
2017-01-10 18:18 +08:00: [0mGET /public/fonts/icomoon/icomoon.ttf?srf3rx [36m304 [0m4.274 ms - -[0m
2017-01-10 18:18 +08:00: [0mGET /public/images/image_6.jpg [36m304 [0m7.189 ms - -[0m
2017-01-10 18:18 +08:00: [0mGET /article [36m304 [0m5.914 ms - -[0m
2017-01-10 18:18 +08:00: [0mGET /public/css/animate.css [36m304 [0m2.532 ms - -[0m
2017-01-10 18:18 +08:00: [0mGET /public/css/icomoon.css [36m304 [0m2.727 ms - -[0m
2017-01-10 18:18 +08:00: [0mGET /public/css/simple-line-icons.css [36m304 [0m2.656 ms - -[0m
2017-01-10 18:18 +08:00: [0mGET /public/css/bootstrap.css [36m304 [0m3.269 ms - -[0m
2017-01-10 18:18 +08:00: [0mGET /public/libs/jquery-pager/Pager.css [36m304 [0m2.146 ms - -[0m
2017-01-10 18:18 +08:00: [0mGET /public/css/style.css [36m304 [0m5.053 ms - -[0m
2017-01-10 18:18 +08:00: [0mGET /public/css/admin.css [36m304 [0m4.799 ms - -[0m
2017-01-10 18:18 +08:00: [0mGET /public/libs/font-awesome/css/font-awesome.css [36m304 [0m5.847 ms - -[0m
2017-01-10 18:18 +08:00: [0mGET /public/libs/upload/css/jquery.Jcrop.css [36m304 [0m6.143 ms - -[0m
2017-01-10 18:18 +08:00: [0mGET /public/css/mall.css [36m304 [0m6.327 ms - -[0m
2017-01-10 18:18 +08:00: [0mGET /public/css/article.css [36m304 [0m7.935 ms - -[0m
2017-01-10 18:18 +08:00: [0mGET /public/libs/ueditor/themes/default/css/ueditor.css [36m304 [0m11.450 ms - -[0m
2017-01-10 18:18 +08:00: [0mGET /public/libs/ueditor/third-party/syntaxhighlighter/shCoreDefault.css [36m304 [0m10.197 ms - -[0m
[0mGET /public/libs/ueditor/third-party/syntaxhighlighter/shCore.js [36m304 [0m4.884 ms - -[0m
2017-01-10 18:18 +08:00: [0mGET /public/js/modernizr-2.6.2.min.js [36m304 [0m4.706 ms - -[0m
2017-01-10 18:18 +08:00: [0mGET /public/js/jquery.min.js [36m304 [0m3.552 ms - -[0m
2017-01-10 18:18 +08:00: [0mGET /api/user/getCurrentUser [36m304 [0m17.458 ms - -[0m
2017-01-10 18:18 +08:00: [0mGET /public/js/jquery.easing.1.3.js [36m304 [0m10.243 ms - -[0m
[0mGET /public/js/bootstrap.min.js [36m304 [0m8.777 ms - -[0m
2017-01-10 18:18 +08:00: [0mGET /public/libs/bootstrap-confirm/confirm-bootstrap.js [36m304 [0m6.581 ms - -[0m
2017-01-10 18:18 +08:00: [0mGET /public/libs/jquery-pager/jquery.pager.js [36m304 [0m6.582 ms - -[0m
2017-01-10 18:18 +08:00: [0mGET /public/libs/art-template/arttemplate.js [36m304 [0m4.675 ms - -[0m
2017-01-10 18:18 +08:00: [0mGET /public/libs/upload/js/jquery.Jcrop.min.js [36m304 [0m3.709 ms - -[0m
2017-01-10 18:18 +08:00: [0mGET /public/js/article_back.js [36m304 [0m6.988 ms - -[0m
2017-01-10 18:18 +08:00: [0mGET /public/js/jquery.waypoints.min.js [36m304 [0m6.715 ms - -[0m
2017-01-10 18:18 +08:00: [0mGET /public/js/main.js [36m304 [0m6.609 ms - -[0m
2017-01-10 18:18 +08:00: [0mGET /public/js/article_front.js [36m304 [0m7.281 ms - -[0m
2017-01-10 18:18 +08:00: [0mGET /public/images/logo2.png [36m304 [0m2.149 ms - -[0m
2017-01-10 18:18 +08:00: [0mGET /public/fonts/simple-line-icons/Simple-Line-Icons.ttf?v=2.2.2 [36m304 [0m2.656 ms - -[0m
2017-01-10 18:18 +08:00: [0mGET /public/fonts/icomoon/icomoon.ttf?srf3rx [36m304 [0m1.893 ms - -[0m
2017-01-10 18:18 +08:00: [0mGET /api/article/getArticleList?pageIndex=1&pageSize=4 [36m304 [0m35.161 ms - -[0m
2017-01-10 18:18 +08:00: [0mGET /public/ueditor/picture/290fc4273335a3e095da0f329d564031.png [36m304 [0m4.845 ms - -[0m
2017-01-10 18:18 +08:00: [0mGET /public/ueditor/picture/9e44a3f91c590273f243640a2b1b8ed1.png [36m304 [0m4.025 ms - -[0m
2017-01-10 18:18 +08:00: [0mGET /public/ueditor/picture/ad24b067a0890fb2e4de6f5da3c7e28e.png [36m304 [0m3.653 ms - -[0m
2017-01-10 18:18 +08:00: [0mGET /public/ueditor/picture/0fc71eae359dea34966b7c1535cb95d6.png [36m304 [0m3.296 ms - -[0m
2017-01-10 18:18 +08:00: [0mGET /api/article/getArticleDetail?id=5873432dabd4501b64e12c3a [32m200 [0m9.689 ms - 2943[0m
2017-01-10 18:18 +08:00: [0mGET /article/articleDetail/5873432dabd4501b64e12c3a [32m200 [0m45.696 ms - 9878[0m
2017-01-10 18:18 +08:00: [0mGET /public/css/animate.css [36m304 [0m8.961 ms - -[0m
[0mGET /public/css/icomoon.css [36m304 [0m8.300 ms - -[0m
2017-01-10 18:18 +08:00: [0mGET /public/css/simple-line-icons.css [36m304 [0m7.274 ms - -[0m
[0mGET /public/css/bootstrap.css [36m304 [0m7.348 ms - -[0m
2017-01-10 18:18 +08:00: [0mGET /public/libs/jquery-pager/Pager.css [36m304 [0m4.863 ms - -[0m
2017-01-10 18:18 +08:00: [0mGET /public/css/style.css [36m304 [0m4.415 ms - -[0m
2017-01-10 18:18 +08:00: [0mGET /public/css/admin.css [36m304 [0m2.061 ms - -[0m
2017-01-10 18:18 +08:00: [0mGET /public/libs/font-awesome/css/font-awesome.css [36m304 [0m2.304 ms - -[0m
2017-01-10 18:18 +08:00: [0mGET /public/libs/upload/css/jquery.Jcrop.css [36m304 [0m1.857 ms - -[0m
2017-01-10 18:18 +08:00: [0mGET /public/css/mall.css [36m304 [0m3.092 ms - -[0m
[0mGET /public/css/article.css [36m304 [0m2.756 ms - -[0m
2017-01-10 18:18 +08:00: [0mGET /public/libs/ueditor/themes/default/css/ueditor.css [36m304 [0m4.815 ms - -[0m
2017-01-10 18:18 +08:00: [0mGET /public/libs/ueditor/third-party/syntaxhighlighter/shCoreDefault.css [36m304 [0m3.056 ms - -[0m
2017-01-10 18:18 +08:00: [0mGET /public/libs/ueditor/third-party/syntaxhighlighter/shCore.js [36m304 [0m4.194 ms - -[0m
2017-01-10 18:18 +08:00: [0mGET /public/js/modernizr-2.6.2.min.js [36m304 [0m9.037 ms - -[0m
2017-01-10 18:18 +08:00: [0mGET /public/js/jquery.min.js [36m304 [0m6.385 ms - -[0m
2017-01-10 18:18 +08:00: [0mGET /public/js/jquery.easing.1.3.js [36m304 [0m11.725 ms - -[0m
2017-01-10 18:18 +08:00: [0mGET /public/js/bootstrap.min.js [36m304 [0m10.243 ms - -[0m
[0mGET /api/user/getCurrentUser [36m304 [0m13.959 ms - -[0m
2017-01-10 18:18 +08:00: [0mGET /public/libs/bootstrap-confirm/confirm-bootstrap.js [36m304 [0m9.831 ms - -[0m
2017-01-10 18:18 +08:00: [0mGET /public/libs/jquery-pager/jquery.pager.js [36m304 [0m7.832 ms - -[0m
2017-01-10 18:18 +08:00: [0mGET /public/libs/art-template/arttemplate.js [36m304 [0m7.104 ms - -[0m
2017-01-10 18:18 +08:00: [0mGET /public/libs/upload/js/jquery.Jcrop.min.js [36m304 [0m6.122 ms - -[0m
[0mGET /public/js/article_back.js [36m304 [0m5.854 ms - -[0m
2017-01-10 18:18 +08:00: [0mGET /public/js/jquery.waypoints.min.js [36m304 [0m6.551 ms - -[0m
2017-01-10 18:18 +08:00: [0mGET /public/js/main.js [36m304 [0m5.341 ms - -[0m
2017-01-10 18:18 +08:00: [0mGET /public/js/article_front.js [36m304 [0m6.225 ms - -[0m
2017-01-10 18:18 +08:00: [0mGET /public/images/logo2.png [36m304 [0m1.244 ms - -[0m
2017-01-10 18:18 +08:00: [0mGET /public/ueditor/picture/818366852861399040.jpg [36m304 [0m1.885 ms - -[0m
2017-01-10 18:18 +08:00: [0mGET /public/fonts/simple-line-icons/Simple-Line-Icons.ttf?v=2.2.2 [36m304 [0m3.591 ms - -[0m
2017-01-10 18:18 +08:00: [0mGET /public/fonts/icomoon/icomoon.ttf?srf3rx [36m304 [0m2.678 ms - -[0m
